2025-07-14 14:01:22 INFO  [background-preinit] o.h.validator.internal.util.Version - HV000001: Hibernate Validator 8.0.1.Final
2025-07-14 14:01:22 INFO  [main] main.SocialApplication - Starting SocialApplication using Java 21 with PID 21092 (C:\Users\claud\IdeaProjects\Ping\Ping\Server\build\classes\java\main started by claud in C:\Users\claud\IdeaProjects\Ping\Ping\Server)
2025-07-14 14:01:22 DEBUG [main] main.SocialApplication - Running with Spring Boot v3.2.7, Spring v6.1.10
2025-07-14 14:01:22 INFO  [main] main.SocialApplication - The following 1 profile is active: "dev"
2025-07-14 14:01:22 INFO  [main] o.s.d.r.c.RepositoryConfigurationDelegate - Bootstrapping Spring Data JPA repositories in DEFAULT mode.
2025-07-14 14:01:22 INFO  [main] o.s.d.r.c.RepositoryConfigurationDelegate - Finished Spring Data repository scanning in 65 ms. Found 10 JPA repository interfaces.
2025-07-14 14:01:23 INFO  [main] o.s.b.w.e.tomcat.TomcatWebServer - Tomcat initialized with port 8080 (http)
2025-07-14 14:01:23 INFO  [main] o.a.coyote.http11.Http11NioProtocol - Initializing ProtocolHandler ["http-nio-8080"]
2025-07-14 14:01:23 INFO  [main] o.a.catalina.core.StandardService - Starting service [Tomcat]
2025-07-14 14:01:23 INFO  [main] o.a.catalina.core.StandardEngine - Starting Servlet engine: [Apache Tomcat/10.1.25]
2025-07-14 14:01:23 INFO  [main] o.a.c.c.C.[Tomcat].[localhost].[/] - Initializing Spring embedded WebApplicationContext
2025-07-14 14:01:23 INFO  [main] o.s.b.w.s.c.ServletWebServerApplicationContext - Root WebApplicationContext: initialization completed in 1563 ms
2025-07-14 14:01:23 INFO  [main] o.h.jpa.internal.util.LogHelper - HHH000204: Processing PersistenceUnitInfo [name: default]
2025-07-14 14:01:24 INFO  [main] org.hibernate.Version - HHH000412: Hibernate ORM core version 6.4.9.Final
2025-07-14 14:01:24 INFO  [main] o.h.c.i.RegionFactoryInitiator - HHH000026: Second-level cache disabled
2025-07-14 14:01:24 INFO  [main] o.s.o.j.p.SpringPersistenceUnitInfo - No LoadTimeWeaver setup: ignoring JPA class transformer
2025-07-14 14:01:24 INFO  [main] com.zaxxer.hikari.HikariDataSource - HikariPool-1 - Starting...
2025-07-14 14:01:24 INFO  [main] com.zaxxer.hikari.pool.HikariPool - HikariPool-1 - Added connection org.postgresql.jdbc.PgConnection@5dd6a4c8
2025-07-14 14:01:24 INFO  [main] com.zaxxer.hikari.HikariDataSource - HikariPool-1 - Start completed.
2025-07-14 14:01:25 WARN  [main] org.hibernate.orm.deprecation - HHH90000025: PostgreSQLDialect does not need to be specified explicitly using 'hibernate.dialect' (remove the property setting and it will be selected by default)
2025-07-14 14:01:26 INFO  [main] o.h.e.t.j.p.i.JtaPlatformInitiator - HHH000489: No JTA platform available (set 'hibernate.transaction.jta.platform' to enable JTA platform integration)
2025-07-14 14:01:26 INFO  [main] o.s.o.j.LocalContainerEntityManagerFactoryBean - Initialized JPA EntityManagerFactory for persistence unit 'default'
2025-07-14 14:01:26 INFO  [main] o.s.d.j.r.query.QueryEnhancerFactory - Hibernate is in classpath; If applicable, HQL parser will be used.
2025-07-14 14:01:27 DEBUG [main] main.jwt.JwtFilter - Filter 'jwtFilter' configured for use
2025-07-14 14:01:27 WARN  [main] o.s.b.a.o.j.JpaBaseConfiguration$JpaWebConfiguration - spring.jpa.open-in-view is enabled by default. Therefore, database queries may be performed during view rendering. Explicitly configure spring.jpa.open-in-view to disable this warning
2025-07-14 14:01:27 INFO  [main] main.seed.Seeded - User already exists
2025-07-14 14:01:28 INFO  [main] main.seed.Seeded - Friendship between 'admin' and 'ana' already exists
2025-07-14 14:01:28 INFO  [main] o.s.s.web.DefaultSecurityFilterChain - Will secure any request with [org.springframework.security.web.session.DisableEncodeUrlFilter@42775280, org.springframework.security.web.context.request.async.WebAsyncManagerIntegrationFilter@1cce2194, org.springframework.security.web.context.SecurityContextHolderFilter@2ca08575, org.springframework.security.web.header.HeaderWriterFilter@aa9b6a8, org.springframework.web.filter.CorsFilter@51645204, org.springframework.security.web.authentication.logout.LogoutFilter@6c884b0d, main.jwt.JwtFilter@1b6982e4, org.springframework.security.web.savedrequest.RequestCacheAwareFilter@5c3d91bc, org.springframework.security.web.servletapi.SecurityContextHolderAwareRequestFilter@1a35f99a, org.springframework.security.web.authentication.AnonymousAuthenticationFilter@472d7ab0, org.springframework.security.web.session.SessionManagementFilter@5ffdea7c, org.springframework.security.web.access.ExceptionTranslationFilter@6c88026b, org.springframework.security.web.access.intercept.AuthorizationFilter@5381acc6]
2025-07-14 14:01:28 INFO  [main] o.a.coyote.http11.Http11NioProtocol - Starting ProtocolHandler ["http-nio-8080"]
2025-07-14 14:01:28 INFO  [main] o.s.b.w.e.tomcat.TomcatWebServer - Tomcat started on port 8080 (http) with context path ''
2025-07-14 14:01:28 INFO  [main] main.SocialApplication - Started SocialApplication in 6.83 seconds (process running for 7.368)
2025-07-14 14:02:39 INFO  [http-nio-8080-exec-1] o.a.c.c.C.[Tomcat].[localhost].[/] - Initializing Spring DispatcherServlet 'dispatcherServlet'
2025-07-14 14:02:39 INFO  [http-nio-8080-exec-1] o.s.web.servlet.DispatcherServlet - Initializing Servlet 'dispatcherServlet'
2025-07-14 14:02:39 INFO  [http-nio-8080-exec-1] o.s.web.servlet.DispatcherServlet - Completed initialization in 3 ms
2025-07-14 14:02:40 INFO  [http-nio-8080-exec-1] main.controllers.AuthController - Authenticating user: 'admin'
2025-07-14 14:20:50 WARN  [http-nio-8080-exec-8] o.s.w.s.m.s.DefaultHandlerExceptionResolver - Resolved [org.springframework.web.HttpRequestMethodNotSupportedException: Request method 'GET' is not supported]
2025-07-14 14:21:12 WARN  [http-nio-8080-exec-10] o.s.w.s.m.s.DefaultHandlerExceptionResolver - Resolved [org.springframework.http.converter.HttpMessageNotReadableException: Required request body is missing: public org.springframework.http.ResponseEntity<?> main.controllers.PostsController.addPost(java.lang.String,main.posts.Enums.ContentType,java.lang.String,org.springframework.web.multipart.MultipartFile)]
2025-07-14 14:22:27 INFO  [background-preinit] o.h.validator.internal.util.Version - HV000001: Hibernate Validator 8.0.1.Final
2025-07-14 14:22:27 INFO  [main] main.SocialApplication - Starting SocialApplication using Java 21 with PID 30452 (C:\Users\claud\IdeaProjects\Ping\Ping\Server\build\classes\java\main started by claud in C:\Users\claud\IdeaProjects\Ping\Ping\Server)
2025-07-14 14:22:27 DEBUG [main] main.SocialApplication - Running with Spring Boot v3.2.7, Spring v6.1.10
2025-07-14 14:22:27 INFO  [main] main.SocialApplication - The following 1 profile is active: "dev"
2025-07-14 14:22:28 INFO  [main] o.s.d.r.c.RepositoryConfigurationDelegate - Bootstrapping Spring Data JPA repositories in DEFAULT mode.
2025-07-14 14:22:28 INFO  [main] o.s.d.r.c.RepositoryConfigurationDelegate - Finished Spring Data repository scanning in 84 ms. Found 10 JPA repository interfaces.
2025-07-14 14:22:29 INFO  [main] o.s.b.w.e.tomcat.TomcatWebServer - Tomcat initialized with port 8080 (http)
2025-07-14 14:22:29 INFO  [main] o.a.coyote.http11.Http11NioProtocol - Initializing ProtocolHandler ["http-nio-8080"]
2025-07-14 14:22:29 INFO  [main] o.a.catalina.core.StandardService - Starting service [Tomcat]
2025-07-14 14:22:29 INFO  [main] o.a.catalina.core.StandardEngine - Starting Servlet engine: [Apache Tomcat/10.1.25]
2025-07-14 14:22:29 INFO  [main] o.a.c.c.C.[Tomcat].[localhost].[/] - Initializing Spring embedded WebApplicationContext
2025-07-14 14:22:29 INFO  [main] o.s.b.w.s.c.ServletWebServerApplicationContext - Root WebApplicationContext: initialization completed in 1614 ms
2025-07-14 14:22:29 INFO  [main] o.h.jpa.internal.util.LogHelper - HHH000204: Processing PersistenceUnitInfo [name: default]
2025-07-14 14:22:29 INFO  [main] org.hibernate.Version - HHH000412: Hibernate ORM core version 6.4.9.Final
2025-07-14 14:22:29 INFO  [main] o.h.c.i.RegionFactoryInitiator - HHH000026: Second-level cache disabled
2025-07-14 14:22:30 INFO  [main] o.s.o.j.p.SpringPersistenceUnitInfo - No LoadTimeWeaver setup: ignoring JPA class transformer
2025-07-14 14:22:30 INFO  [main] com.zaxxer.hikari.HikariDataSource - HikariPool-1 - Starting...
2025-07-14 14:22:30 INFO  [main] com.zaxxer.hikari.pool.HikariPool - HikariPool-1 - Added connection org.postgresql.jdbc.PgConnection@17354708
2025-07-14 14:22:30 INFO  [main] com.zaxxer.hikari.HikariDataSource - HikariPool-1 - Start completed.
2025-07-14 14:22:30 WARN  [main] org.hibernate.orm.deprecation - HHH90000025: PostgreSQLDialect does not need to be specified explicitly using 'hibernate.dialect' (remove the property setting and it will be selected by default)
2025-07-14 14:22:31 INFO  [main] o.h.e.t.j.p.i.JtaPlatformInitiator - HHH000489: No JTA platform available (set 'hibernate.transaction.jta.platform' to enable JTA platform integration)
2025-07-14 14:22:32 INFO  [main] o.s.o.j.LocalContainerEntityManagerFactoryBean - Initialized JPA EntityManagerFactory for persistence unit 'default'
2025-07-14 14:22:32 INFO  [main] o.s.d.j.r.query.QueryEnhancerFactory - Hibernate is in classpath; If applicable, HQL parser will be used.
2025-07-14 14:22:32 DEBUG [main] main.jwt.JwtFilter - Filter 'jwtFilter' configured for use
2025-07-14 14:22:32 WARN  [main] o.s.b.a.o.j.JpaBaseConfiguration$JpaWebConfiguration - spring.jpa.open-in-view is enabled by default. Therefore, database queries may be performed during view rendering. Explicitly configure spring.jpa.open-in-view to disable this warning
2025-07-14 14:22:33 INFO  [main] main.seed.Seeded - User already exists
2025-07-14 14:22:33 INFO  [main] main.seed.Seeded - Friendship between 'admin' and 'ana' already exists
2025-07-14 14:22:33 INFO  [main] o.s.s.web.DefaultSecurityFilterChain - Will secure any request with [org.springframework.security.web.session.DisableEncodeUrlFilter@472d7ab0, org.springframework.security.web.context.request.async.WebAsyncManagerIntegrationFilter@3f36d387, org.springframework.security.web.context.SecurityContextHolderFilter@6cb84986, org.springframework.security.web.header.HeaderWriterFilter@3fbeaa03, org.springframework.web.filter.CorsFilter@52999774, org.springframework.security.web.authentication.logout.LogoutFilter@63c9017b, main.jwt.JwtFilter@77035caa, org.springframework.security.web.savedrequest.RequestCacheAwareFilter@296c6cc1, org.springframework.security.web.servletapi.SecurityContextHolderAwareRequestFilter@55623ed5, org.springframework.security.web.authentication.AnonymousAuthenticationFilter@211e1b51, org.springframework.security.web.session.SessionManagementFilter@2ca08575, org.springframework.security.web.access.ExceptionTranslationFilter@162304e3, org.springframework.security.web.access.intercept.AuthorizationFilter@42775280]
2025-07-14 14:22:33 INFO  [main] o.a.coyote.http11.Http11NioProtocol - Starting ProtocolHandler ["http-nio-8080"]
2025-07-14 14:22:33 INFO  [main] o.s.b.w.e.tomcat.TomcatWebServer - Tomcat started on port 8080 (http) with context path ''
2025-07-14 14:22:33 INFO  [main] main.SocialApplication - Started SocialApplication in 6.569 seconds (process running for 7.117)
2025-07-14 14:22:38 INFO  [http-nio-8080-exec-1] o.a.c.c.C.[Tomcat].[localhost].[/] - Initializing Spring DispatcherServlet 'dispatcherServlet'
2025-07-14 14:22:38 INFO  [http-nio-8080-exec-1] o.s.web.servlet.DispatcherServlet - Initializing Servlet 'dispatcherServlet'
2025-07-14 14:22:38 INFO  [http-nio-8080-exec-1] o.s.web.servlet.DispatcherServlet - Completed initialization in 0 ms
2025-07-14 14:22:38 WARN  [http-nio-8080-exec-1] o.s.w.s.m.s.DefaultHandlerExceptionResolver - Resolved [org.springframework.web.HttpMediaTypeNotSupportedException: Content-Type 'multipart/form-data;boundary=--------------------------537700702866984993101493' is not supported]
2025-07-14 14:24:09 INFO  [background-preinit] o.h.validator.internal.util.Version - HV000001: Hibernate Validator 8.0.1.Final
2025-07-14 14:24:09 INFO  [main] main.SocialApplication - Starting SocialApplication using Java 21 with PID 25188 (C:\Users\claud\IdeaProjects\Ping\Ping\Server\build\classes\java\main started by claud in C:\Users\claud\IdeaProjects\Ping\Ping\Server)
2025-07-14 14:24:09 DEBUG [main] main.SocialApplication - Running with Spring Boot v3.2.7, Spring v6.1.10
2025-07-14 14:24:09 INFO  [main] main.SocialApplication - The following 1 profile is active: "dev"
2025-07-14 14:24:10 INFO  [main] o.s.d.r.c.RepositoryConfigurationDelegate - Bootstrapping Spring Data JPA repositories in DEFAULT mode.
2025-07-14 14:24:10 INFO  [main] o.s.d.r.c.RepositoryConfigurationDelegate - Finished Spring Data repository scanning in 70 ms. Found 10 JPA repository interfaces.
2025-07-14 14:24:10 INFO  [main] o.s.b.w.e.tomcat.TomcatWebServer - Tomcat initialized with port 8080 (http)
2025-07-14 14:24:10 INFO  [main] o.a.coyote.http11.Http11NioProtocol - Initializing ProtocolHandler ["http-nio-8080"]
2025-07-14 14:24:10 INFO  [main] o.a.catalina.core.StandardService - Starting service [Tomcat]
2025-07-14 14:24:10 INFO  [main] o.a.catalina.core.StandardEngine - Starting Servlet engine: [Apache Tomcat/10.1.25]
2025-07-14 14:24:10 INFO  [main] o.a.c.c.C.[Tomcat].[localhost].[/] - Initializing Spring embedded WebApplicationContext
2025-07-14 14:24:10 INFO  [main] o.s.b.w.s.c.ServletWebServerApplicationContext - Root WebApplicationContext: initialization completed in 1381 ms
2025-07-14 14:24:11 INFO  [main] o.h.jpa.internal.util.LogHelper - HHH000204: Processing PersistenceUnitInfo [name: default]
2025-07-14 14:24:11 INFO  [main] org.hibernate.Version - HHH000412: Hibernate ORM core version 6.4.9.Final
2025-07-14 14:24:11 INFO  [main] o.h.c.i.RegionFactoryInitiator - HHH000026: Second-level cache disabled
2025-07-14 14:24:11 INFO  [main] o.s.o.j.p.SpringPersistenceUnitInfo - No LoadTimeWeaver setup: ignoring JPA class transformer
2025-07-14 14:24:11 INFO  [main] com.zaxxer.hikari.HikariDataSource - HikariPool-1 - Starting...
2025-07-14 14:24:11 INFO  [main] com.zaxxer.hikari.pool.HikariPool - HikariPool-1 - Added connection org.postgresql.jdbc.PgConnection@1f0e2bdc
2025-07-14 14:24:11 INFO  [main] com.zaxxer.hikari.HikariDataSource - HikariPool-1 - Start completed.
2025-07-14 14:24:11 WARN  [main] org.hibernate.orm.deprecation - HHH90000025: PostgreSQLDialect does not need to be specified explicitly using 'hibernate.dialect' (remove the property setting and it will be selected by default)
2025-07-14 14:24:12 INFO  [main] o.h.e.t.j.p.i.JtaPlatformInitiator - HHH000489: No JTA platform available (set 'hibernate.transaction.jta.platform' to enable JTA platform integration)
2025-07-14 14:24:12 INFO  [main] o.s.o.j.LocalContainerEntityManagerFactoryBean - Initialized JPA EntityManagerFactory for persistence unit 'default'
2025-07-14 14:24:12 INFO  [main] o.s.d.j.r.query.QueryEnhancerFactory - Hibernate is in classpath; If applicable, HQL parser will be used.
2025-07-14 14:24:13 DEBUG [main] main.jwt.JwtFilter - Filter 'jwtFilter' configured for use
2025-07-14 14:24:13 WARN  [main] o.s.b.a.o.j.JpaBaseConfiguration$JpaWebConfiguration - spring.jpa.open-in-view is enabled by default. Therefore, database queries may be performed during view rendering. Explicitly configure spring.jpa.open-in-view to disable this warning
2025-07-14 14:24:14 INFO  [main] main.seed.Seeded - User already exists
2025-07-14 14:24:14 INFO  [main] main.seed.Seeded - Friendship between 'admin' and 'ana' already exists
2025-07-14 14:24:14 INFO  [main] o.s.s.web.DefaultSecurityFilterChain - Will secure any request with [org.springframework.security.web.session.DisableEncodeUrlFilter@16db679e, org.springframework.security.web.context.request.async.WebAsyncManagerIntegrationFilter@3074d565, org.springframework.security.web.context.SecurityContextHolderFilter@2dadadd9, org.springframework.security.web.header.HeaderWriterFilter@6c88026b, org.springframework.web.filter.CorsFilter@42775280, org.springframework.security.web.authentication.logout.LogoutFilter@e343477, main.jwt.JwtFilter@1c8746a0, org.springframework.security.web.savedrequest.RequestCacheAwareFilter@2ca08575, org.springframework.security.web.servletapi.SecurityContextHolderAwareRequestFilter@2ca413f6, org.springframework.security.web.authentication.AnonymousAuthenticationFilter@1cce2194, org.springframework.security.web.session.SessionManagementFilter@64ec804f, org.springframework.security.web.access.ExceptionTranslationFilter@b234301, org.springframework.security.web.access.intercept.AuthorizationFilter@905e189]
2025-07-14 14:24:14 INFO  [main] o.a.coyote.http11.Http11NioProtocol - Starting ProtocolHandler ["http-nio-8080"]
2025-07-14 14:24:14 INFO  [main] o.s.b.w.e.tomcat.TomcatWebServer - Tomcat started on port 8080 (http) with context path ''
2025-07-14 14:24:14 INFO  [main] main.SocialApplication - Started SocialApplication in 5.555 seconds (process running for 5.909)
2025-07-14 14:24:21 INFO  [http-nio-8080-exec-1] o.a.c.c.C.[Tomcat].[localhost].[/] - Initializing Spring DispatcherServlet 'dispatcherServlet'
2025-07-14 14:24:21 INFO  [http-nio-8080-exec-1] o.s.web.servlet.DispatcherServlet - Initializing Servlet 'dispatcherServlet'
2025-07-14 14:24:21 INFO  [http-nio-8080-exec-1] o.s.web.servlet.DispatcherServlet - Completed initialization in 1 ms
2025-07-14 14:24:21 INFO  [http-nio-8080-exec-1] main.storage.StorageService - Created directory: C:\Users\claud\IdeaProjects\Ping\Ping\Server\uploads\posts
2025-07-14 14:24:21 INFO  [http-nio-8080-exec-1] main.storage.StorageService - Stored posts file at: C:\Users\claud\IdeaProjects\Ping\Ping\Server\uploads\posts\d806b681-09fe-4699-a59c-4d058d247a29_mesaj.png
2025-07-14 14:24:21 INFO  [http-nio-8080-exec-1] main.services.PostService - Creating post for user: admin
2025-07-14 14:24:21 INFO  [http-nio-8080-exec-1] main.services.PostService - Post created with ID: 1 for user: admin
2025-07-14 14:25:01 INFO  [http-nio-8080-exec-2] main.services.PostService - Fetching posts for user: admin
2025-07-14 14:25:01 INFO  [http-nio-8080-exec-2] main.services.PostService - Found 1 posts for user 'admin'
2025-07-14 14:27:44 INFO  [http-nio-8080-exec-5] main.services.PostService - Attempting to add like. userId=1, postId=10
2025-07-14 14:27:44 WARN  [http-nio-8080-exec-5] main.services.PostService - User with ID 1 not found while adding like
2025-07-14 14:28:32 INFO  [http-nio-8080-exec-9] main.services.PostService - Attempting to add like. userId=10, postId=1
2025-07-14 14:28:32 INFO  [http-nio-8080-exec-9] main.services.PostService - Like saved successfully. LikeID=1, userId=10, postId=1
2025-07-14 14:29:23 WARN  [http-nio-8080-exec-10] o.s.w.s.m.s.DefaultHandlerExceptionResolver - Resolved [org.springframework.web.HttpRequestMethodNotSupportedException: Request method 'POST' is not supported]
2025-07-14 14:29:27 WARN  [http-nio-8080-exec-4] o.s.w.s.m.s.DefaultHandlerExceptionResolver - Resolved [org.springframework.web.bind.MissingServletRequestParameterException: Required request parameter 'isPost' for method parameter type Long is not present]
2025-07-14 14:29:52 INFO  [http-nio-8080-exec-1] main.services.PostService - Counting likes for postId=1
2025-07-14 14:29:52 INFO  [http-nio-8080-exec-1] main.services.PostService - Post 1 has 1 likes
2025-07-14 14:39:37 WARN  [http-nio-8080-exec-2] o.s.w.s.m.s.DefaultHandlerExceptionResolver - Resolved [org.springframework.web.HttpRequestMethodNotSupportedException: Request method 'GET' is not supported]
2025-07-14 14:39:47 INFO  [http-nio-8080-exec-7] main.services.PostService - Attempting to add comment. userId=1, postId=1, text='{
    "text" : "Sometung to add in comment"
}'
2025-07-14 14:39:47 WARN  [http-nio-8080-exec-7] main.services.PostService - User with ID 1 not found while adding comment
2025-07-14 14:40:06 INFO  [http-nio-8080-exec-8] main.services.PostService - Attempting to add comment. userId=10, postId=1, text='{
    "text" : "Sometung to add in comment"
}'
2025-07-14 14:40:06 INFO  [http-nio-8080-exec-8] main.services.PostService - Comment saved successfully. commentId=1, userId=10, postId=1
2025-07-14 18:31:32 INFO  [background-preinit] o.h.validator.internal.util.Version - HV000001: Hibernate Validator 8.0.1.Final
2025-07-14 18:31:32 INFO  [main] main.SocialApplication - Starting SocialApplication using Java 21 with PID 21196 (C:\Users\claud\IdeaProjects\Ping\Ping\Server\build\classes\java\main started by claud in C:\Users\claud\IdeaProjects\Ping\Ping\Server)
2025-07-14 18:31:32 DEBUG [main] main.SocialApplication - Running with Spring Boot v3.2.7, Spring v6.1.10
2025-07-14 18:31:32 INFO  [main] main.SocialApplication - The following 1 profile is active: "dev"
2025-07-14 18:31:33 INFO  [main] o.s.d.r.c.RepositoryConfigurationDelegate - Bootstrapping Spring Data JPA repositories in DEFAULT mode.
2025-07-14 18:31:33 INFO  [main] o.s.d.r.c.RepositoryConfigurationDelegate - Finished Spring Data repository scanning in 53 ms. Found 10 JPA repository interfaces.
2025-07-14 18:31:34 INFO  [main] o.s.b.w.e.tomcat.TomcatWebServer - Tomcat initialized with port 8080 (http)
2025-07-14 18:31:34 INFO  [main] o.a.coyote.http11.Http11NioProtocol - Initializing ProtocolHandler ["http-nio-8080"]
2025-07-14 18:31:34 INFO  [main] o.a.catalina.core.StandardService - Starting service [Tomcat]
2025-07-14 18:31:34 INFO  [main] o.a.catalina.core.StandardEngine - Starting Servlet engine: [Apache Tomcat/10.1.25]
2025-07-14 18:31:34 INFO  [main] o.a.c.c.C.[Tomcat].[localhost].[/] - Initializing Spring embedded WebApplicationContext
2025-07-14 18:31:34 INFO  [main] o.s.b.w.s.c.ServletWebServerApplicationContext - Root WebApplicationContext: initialization completed in 1331 ms
2025-07-14 18:31:34 INFO  [main] o.h.jpa.internal.util.LogHelper - HHH000204: Processing PersistenceUnitInfo [name: default]
2025-07-14 18:31:34 INFO  [main] org.hibernate.Version - HHH000412: Hibernate ORM core version 6.4.9.Final
2025-07-14 18:31:34 INFO  [main] o.h.c.i.RegionFactoryInitiator - HHH000026: Second-level cache disabled
2025-07-14 18:31:34 INFO  [main] o.s.o.j.p.SpringPersistenceUnitInfo - No LoadTimeWeaver setup: ignoring JPA class transformer
2025-07-14 18:31:34 INFO  [main] com.zaxxer.hikari.HikariDataSource - HikariPool-1 - Starting...
2025-07-14 18:31:34 INFO  [main] com.zaxxer.hikari.pool.HikariPool - HikariPool-1 - Added connection org.postgresql.jdbc.PgConnection@1eb906f3
2025-07-14 18:31:34 INFO  [main] com.zaxxer.hikari.HikariDataSource - HikariPool-1 - Start completed.
2025-07-14 18:31:35 WARN  [main] org.hibernate.orm.deprecation - HHH90000025: PostgreSQLDialect does not need to be specified explicitly using 'hibernate.dialect' (remove the property setting and it will be selected by default)
2025-07-14 18:31:36 INFO  [main] o.h.e.t.j.p.i.JtaPlatformInitiator - HHH000489: No JTA platform available (set 'hibernate.transaction.jta.platform' to enable JTA platform integration)
2025-07-14 18:31:36 INFO  [main] o.s.o.j.LocalContainerEntityManagerFactoryBean - Initialized JPA EntityManagerFactory for persistence unit 'default'
2025-07-14 18:31:36 INFO  [main] o.s.d.j.r.query.QueryEnhancerFactory - Hibernate is in classpath; If applicable, HQL parser will be used.
2025-07-14 18:31:36 DEBUG [main] main.jwt.JwtFilter - Filter 'jwtFilter' configured for use
2025-07-14 18:31:37 WARN  [main] o.s.b.a.o.j.JpaBaseConfiguration$JpaWebConfiguration - spring.jpa.open-in-view is enabled by default. Therefore, database queries may be performed during view rendering. Explicitly configure spring.jpa.open-in-view to disable this warning
2025-07-14 18:31:37 INFO  [main] main.seed.Seeded - User already exists
2025-07-14 18:31:37 INFO  [main] main.seed.Seeded - Friendship between 'admin' and 'ana' already exists
2025-07-14 18:31:37 INFO  [main] o.s.s.web.DefaultSecurityFilterChain - Will secure any request with [org.springframework.security.web.session.DisableEncodeUrlFilter@63c9017b, org.springframework.security.web.context.request.async.WebAsyncManagerIntegrationFilter@4db7fe2c, org.springframework.security.web.context.SecurityContextHolderFilter@1653cc95, org.springframework.security.web.header.HeaderWriterFilter@47690183, org.springframework.web.filter.CorsFilter@22014338, org.springframework.security.web.authentication.logout.LogoutFilter@695d0adc, main.jwt.JwtFilter@19984625, org.springframework.security.web.savedrequest.RequestCacheAwareFilter@1569e9d7, org.springframework.security.web.servletapi.SecurityContextHolderAwareRequestFilter@1cbe3497, org.springframework.security.web.authentication.AnonymousAuthenticationFilter@22ecee76, org.springframework.security.web.session.SessionManagementFilter@72f18fbd, org.springframework.security.web.access.ExceptionTranslationFilter@73ebf7cc, org.springframework.security.web.access.intercept.AuthorizationFilter@6c884b0d]
2025-07-14 18:31:37 INFO  [main] o.a.coyote.http11.Http11NioProtocol - Starting ProtocolHandler ["http-nio-8080"]
2025-07-14 18:31:37 INFO  [main] o.s.b.w.e.tomcat.TomcatWebServer - Tomcat started on port 8080 (http) with context path ''
2025-07-14 18:31:37 INFO  [main] main.SocialApplication - Started SocialApplication in 5.573 seconds (process running for 6.101)
2025-07-14 18:32:18 INFO  [http-nio-8080-exec-1] o.a.c.c.C.[Tomcat].[localhost].[/] - Initializing Spring DispatcherServlet 'dispatcherServlet'
2025-07-14 18:32:18 INFO  [http-nio-8080-exec-1] o.s.web.servlet.DispatcherServlet - Initializing Servlet 'dispatcherServlet'
2025-07-14 18:32:18 INFO  [http-nio-8080-exec-1] o.s.web.servlet.DispatcherServlet - Completed initialization in 1 ms
2025-07-14 18:32:18 WARN  [http-nio-8080-exec-2] o.s.w.s.m.s.DefaultHandlerExceptionResolver - Resolved [org.springframework.web.bind.MethodArgumentNotValidException: Validation failed for argument [0] in public org.springframework.http.ResponseEntity<main.dto.response.auth.RegisterResponse> main.controllers.AuthController.register(main.dto.request.auth.RegisterRequest): [Field error in object 'registerRequest' on field 'verifyPassword': rejected value [null]; codes [NotBlank.registerRequest.verifyPassword,NotBlank.verifyPassword,NotBlank.java.lang.String,NotBlank]; arguments [org.springframework.context.support.DefaultMessageSourceResolvable: codes [registerRequest.verifyPassword,verifyPassword]; arguments []; default message [verifyPassword]]; default message [Verify password should not be blank]] ]
2025-07-14 18:34:42 INFO  [background-preinit] o.h.validator.internal.util.Version - HV000001: Hibernate Validator 8.0.1.Final
2025-07-14 18:34:42 INFO  [main] main.SocialApplication - Starting SocialApplication using Java 21 with PID 6596 (C:\Users\claud\IdeaProjects\Ping\Ping\Server\build\classes\java\main started by claud in C:\Users\claud\IdeaProjects\Ping\Ping\Server)
2025-07-14 18:34:42 DEBUG [main] main.SocialApplication - Running with Spring Boot v3.2.7, Spring v6.1.10
2025-07-14 18:34:42 INFO  [main] main.SocialApplication - The following 1 profile is active: "dev"
2025-07-14 18:34:43 INFO  [main] o.s.d.r.c.RepositoryConfigurationDelegate - Bootstrapping Spring Data JPA repositories in DEFAULT mode.
2025-07-14 18:34:43 INFO  [main] o.s.d.r.c.RepositoryConfigurationDelegate - Finished Spring Data repository scanning in 49 ms. Found 10 JPA repository interfaces.
2025-07-14 18:34:43 INFO  [main] o.s.b.w.e.tomcat.TomcatWebServer - Tomcat initialized with port 8080 (http)
2025-07-14 18:34:43 INFO  [main] o.a.coyote.http11.Http11NioProtocol - Initializing ProtocolHandler ["http-nio-8080"]
2025-07-14 18:34:43 INFO  [main] o.a.catalina.core.StandardService - Starting service [Tomcat]
2025-07-14 18:34:43 INFO  [main] o.a.catalina.core.StandardEngine - Starting Servlet engine: [Apache Tomcat/10.1.25]
2025-07-14 18:34:43 INFO  [main] o.a.c.c.C.[Tomcat].[localhost].[/] - Initializing Spring embedded WebApplicationContext
2025-07-14 18:34:43 INFO  [main] o.s.b.w.s.c.ServletWebServerApplicationContext - Root WebApplicationContext: initialization completed in 1188 ms
2025-07-14 18:34:44 INFO  [main] o.h.jpa.internal.util.LogHelper - HHH000204: Processing PersistenceUnitInfo [name: default]
2025-07-14 18:34:44 INFO  [main] org.hibernate.Version - HHH000412: Hibernate ORM core version 6.4.9.Final
2025-07-14 18:34:44 INFO  [main] o.h.c.i.RegionFactoryInitiator - HHH000026: Second-level cache disabled
2025-07-14 18:34:44 INFO  [main] o.s.o.j.p.SpringPersistenceUnitInfo - No LoadTimeWeaver setup: ignoring JPA class transformer
2025-07-14 18:34:44 INFO  [main] com.zaxxer.hikari.HikariDataSource - HikariPool-1 - Starting...
2025-07-14 18:34:44 INFO  [main] com.zaxxer.hikari.pool.HikariPool - HikariPool-1 - Added connection org.postgresql.jdbc.PgConnection@608b35fa
2025-07-14 18:34:44 INFO  [main] com.zaxxer.hikari.HikariDataSource - HikariPool-1 - Start completed.
2025-07-14 18:34:44 WARN  [main] org.hibernate.orm.deprecation - HHH90000025: PostgreSQLDialect does not need to be specified explicitly using 'hibernate.dialect' (remove the property setting and it will be selected by default)
2025-07-14 18:34:45 INFO  [main] o.h.e.t.j.p.i.JtaPlatformInitiator - HHH000489: No JTA platform available (set 'hibernate.transaction.jta.platform' to enable JTA platform integration)
2025-07-14 18:34:45 INFO  [main] o.s.o.j.LocalContainerEntityManagerFactoryBean - Initialized JPA EntityManagerFactory for persistence unit 'default'
2025-07-14 18:34:45 INFO  [main] o.s.d.j.r.query.QueryEnhancerFactory - Hibernate is in classpath; If applicable, HQL parser will be used.
2025-07-14 18:34:46 DEBUG [main] main.jwt.JwtFilter - Filter 'jwtFilter' configured for use
2025-07-14 18:34:46 WARN  [main] o.s.b.a.o.j.JpaBaseConfiguration$JpaWebConfiguration - spring.jpa.open-in-view is enabled by default. Therefore, database queries may be performed during view rendering. Explicitly configure spring.jpa.open-in-view to disable this warning
2025-07-14 18:34:46 INFO  [main] main.seed.Seeded - User already exists
2025-07-14 18:34:46 INFO  [main] main.seed.Seeded - Friendship between 'admin' and 'ana' already exists
2025-07-14 18:34:46 INFO  [main] o.s.s.web.DefaultSecurityFilterChain - Will secure any request with [org.springframework.security.web.session.DisableEncodeUrlFilter@d4a1d38, org.springframework.security.web.context.request.async.WebAsyncManagerIntegrationFilter@4694dfd, org.springframework.security.web.context.SecurityContextHolderFilter@373636f3, org.springframework.security.web.header.HeaderWriterFilter@207b440f, org.springframework.web.filter.CorsFilter@1ad55833, org.springframework.security.web.authentication.logout.LogoutFilter@905e189, main.jwt.JwtFilter@32eca9f4, org.springframework.security.web.savedrequest.RequestCacheAwareFilter@66e478c7, org.springframework.security.web.servletapi.SecurityContextHolderAwareRequestFilter@14270715, org.springframework.security.web.authentication.AnonymousAuthenticationFilter@4bc01cab, org.springframework.security.web.session.SessionManagementFilter@449be249, org.springframework.security.web.access.ExceptionTranslationFilter@766f5049, org.springframework.security.web.access.intercept.AuthorizationFilter@3f36d387]
2025-07-14 18:34:46 INFO  [main] o.a.coyote.http11.Http11NioProtocol - Starting ProtocolHandler ["http-nio-8080"]
2025-07-14 18:34:46 INFO  [main] o.s.b.w.e.tomcat.TomcatWebServer - Tomcat started on port 8080 (http) with context path ''
2025-07-14 18:34:47 INFO  [main] main.SocialApplication - Started SocialApplication in 4.708 seconds (process running for 5.124)
2025-07-14 18:34:54 INFO  [http-nio-8080-exec-1] o.a.c.c.C.[Tomcat].[localhost].[/] - Initializing Spring DispatcherServlet 'dispatcherServlet'
2025-07-14 18:34:54 INFO  [http-nio-8080-exec-1] o.s.web.servlet.DispatcherServlet - Initializing Servlet 'dispatcherServlet'
2025-07-14 18:34:54 INFO  [http-nio-8080-exec-1] o.s.web.servlet.DispatcherServlet - Completed initialization in 1 ms
2025-07-14 18:34:54 WARN  [http-nio-8080-exec-3] o.s.w.s.m.s.DefaultHandlerExceptionResolver - Resolved [org.springframework.web.bind.MethodArgumentNotValidException: Validation failed for argument [0] in public org.springframework.http.ResponseEntity<main.dto.response.auth.RegisterResponse> main.controllers.AuthController.register(main.dto.request.auth.RegisterRequest): [Field error in object 'registerRequest' on field 'confirmPassword': rejected value [null]; codes [NotBlank.registerRequest.confirmPassword,NotBlank.confirmPassword,NotBlank.java.lang.String,NotBlank]; arguments [org.springframework.context.support.DefaultMessageSourceResolvable: codes [registerRequest.confirmPassword,confirmPassword]; arguments []; default message [confirmPassword]]; default message [Verify password should not be blank]] ]
2025-07-14 18:39:40 WARN  [http-nio-8080-exec-4] o.s.w.s.m.s.DefaultHandlerExceptionResolver - Resolved [org.springframework.web.bind.MethodArgumentNotValidException: Validation failed for argument [0] in public org.springframework.http.ResponseEntity<main.dto.response.auth.RegisterResponse> main.controllers.AuthController.register(main.dto.request.auth.RegisterRequest): [Field error in object 'registerRequest' on field 'confirmPassword': rejected value [null]; codes [NotBlank.registerRequest.confirmPassword,NotBlank.confirmPassword,NotBlank.java.lang.String,NotBlank]; arguments [org.springframework.context.support.DefaultMessageSourceResolvable: codes [registerRequest.confirmPassword,confirmPassword]; arguments []; default message [confirmPassword]]; default message [Verify password should not be blank]] ]
2025-07-14 18:40:10 WARN  [http-nio-8080-exec-7] o.s.w.s.m.s.DefaultHandlerExceptionResolver - Resolved [org.springframework.web.bind.MethodArgumentNotValidException: Validation failed for argument [0] in public org.springframework.http.ResponseEntity<main.dto.response.auth.RegisterResponse> main.controllers.AuthController.register(main.dto.request.auth.RegisterRequest): [Field error in object 'registerRequest' on field 'confirmPassword': rejected value [null]; codes [NotBlank.registerRequest.confirmPassword,NotBlank.confirmPassword,NotBlank.java.lang.String,NotBlank]; arguments [org.springframework.context.support.DefaultMessageSourceResolvable: codes [registerRequest.confirmPassword,confirmPassword]; arguments []; default message [confirmPassword]]; default message [Verify password should not be blank]] ]
2025-07-14 18:44:03 INFO  [http-nio-8080-exec-10] main.controllers.AuthController - Registering user: 'claudiu2803'
2025-07-14 18:44:03 INFO  [http-nio-8080-exec-10] main.services.AuthService - Attempting to register user: 'claudiu2803'
2025-07-14 18:44:03 INFO  [http-nio-8080-exec-10] main.services.AuthService - User 'claudiu2803' registered successfully
2025-07-14 18:44:19 INFO  [http-nio-8080-exec-3] main.controllers.AuthController - Authenticating user: 'claudiu2803'
2025-07-14 19:06:14 INFO  [http-nio-8080-exec-4] main.services.AuthService - Reset code sent to 0774 462 411
2025-07-14 19:06:15 INFO  [http-nio-8080-exec-4] main.sms.SmsSend - SMS sent successfully to +40774 462 411
2025-07-14 19:11:14 INFO  [http-nio-8080-exec-8] main.services.AuthService - Reset code sent to 0774 462 411
2025-07-14 19:11:14 INFO  [http-nio-8080-exec-8] main.sms.SmsSend - SMS sent successfully to +40774 462 411
2025-07-14 19:11:58 INFO  [http-nio-8080-exec-10] main.services.AuthService - Reset code sent to 0774 462 411
2025-07-14 19:11:58 INFO  [http-nio-8080-exec-10] main.sms.SmsSend - SMS sent successfully to +40774 462 411
