2025-07-15 13:17:28 INFO  [background-preinit] o.h.validator.internal.util.Version - HV000001: Hibernate Validator 8.0.1.Final
2025-07-15 13:17:28 INFO  [main] main.SocialApplication - Starting SocialApplication using Java 21 with PID 20312 (C:\Users\claud\IdeaProjects\Ping\Ping\Server\build\classes\java\main started by claud in C:\Users\claud\IdeaProjects\Ping\Ping\Server)
2025-07-15 13:17:28 DEBUG [main] main.SocialApplication - Running with Spring Boot v3.2.7, Spring v6.1.10
2025-07-15 13:17:28 INFO  [main] main.SocialApplication - The following 1 profile is active: "dev"
2025-07-15 13:17:29 INFO  [main] o.s.d.r.c.RepositoryConfigurationDelegate - Bootstrapping Spring Data JPA repositories in DEFAULT mode.
2025-07-15 13:17:29 INFO  [main] o.s.d.r.c.RepositoryConfigurationDelegate - Finished Spring Data repository scanning in 63 ms. Found 10 JPA repository interfaces.
2025-07-15 13:17:30 INFO  [main] o.s.b.w.e.tomcat.TomcatWebServer - Tomcat initialized with port 8080 (http)
2025-07-15 13:17:30 INFO  [main] o.a.coyote.http11.Http11NioProtocol - Initializing ProtocolHandler ["http-nio-8080"]
2025-07-15 13:17:30 INFO  [main] o.a.catalina.core.StandardService - Starting service [Tomcat]
2025-07-15 13:17:30 INFO  [main] o.a.catalina.core.StandardEngine - Starting Servlet engine: [Apache Tomcat/10.1.25]
2025-07-15 13:17:30 INFO  [main] o.a.c.c.C.[Tomcat].[localhost].[/] - Initializing Spring embedded WebApplicationContext
2025-07-15 13:17:30 INFO  [main] o.s.b.w.s.c.ServletWebServerApplicationContext - Root WebApplicationContext: initialization completed in 1418 ms
2025-07-15 13:17:30 INFO  [main] o.h.jpa.internal.util.LogHelper - HHH000204: Processing PersistenceUnitInfo [name: default]
2025-07-15 13:17:30 INFO  [main] org.hibernate.Version - HHH000412: Hibernate ORM core version 6.4.9.Final
2025-07-15 13:17:30 INFO  [main] o.h.c.i.RegionFactoryInitiator - HHH000026: Second-level cache disabled
2025-07-15 13:17:30 INFO  [main] o.s.o.j.p.SpringPersistenceUnitInfo - No LoadTimeWeaver setup: ignoring JPA class transformer
2025-07-15 13:17:30 INFO  [main] com.zaxxer.hikari.HikariDataSource - HikariPool-1 - Starting...
2025-07-15 13:17:31 INFO  [main] com.zaxxer.hikari.pool.HikariPool - HikariPool-1 - Added connection org.postgresql.jdbc.PgConnection@134c38
2025-07-15 13:17:31 INFO  [main] com.zaxxer.hikari.HikariDataSource - HikariPool-1 - Start completed.
2025-07-15 13:17:31 WARN  [main] org.hibernate.orm.deprecation - HHH90000025: PostgreSQLDialect does not need to be specified explicitly using 'hibernate.dialect' (remove the property setting and it will be selected by default)
2025-07-15 13:17:32 INFO  [main] o.h.e.t.j.p.i.JtaPlatformInitiator - HHH000489: No JTA platform available (set 'hibernate.transaction.jta.platform' to enable JTA platform integration)
2025-07-15 13:17:32 INFO  [main] o.s.o.j.LocalContainerEntityManagerFactoryBean - Initialized JPA EntityManagerFactory for persistence unit 'default'
2025-07-15 13:17:32 INFO  [main] o.s.d.j.r.query.QueryEnhancerFactory - Hibernate is in classpath; If applicable, HQL parser will be used.
2025-07-15 13:17:33 DEBUG [main] main.jwt.JwtFilter - Filter 'jwtFilter' configured for use
2025-07-15 13:17:33 WARN  [main] o.s.b.a.o.j.JpaBaseConfiguration$JpaWebConfiguration - spring.jpa.open-in-view is enabled by default. Therefore, database queries may be performed during view rendering. Explicitly configure spring.jpa.open-in-view to disable this warning
2025-07-15 13:17:33 INFO  [main] main.seed.Seeded - User already exists
2025-07-15 13:17:33 INFO  [main] main.seed.Seeded - Friendship between 'admin' and 'ana' already exists
2025-07-15 13:17:33 INFO  [main] o.s.s.web.DefaultSecurityFilterChain - Will secure any request with [org.springframework.security.web.session.DisableEncodeUrlFilter@d4a1d38, org.springframework.security.web.context.request.async.WebAsyncManagerIntegrationFilter@4694dfd, org.springframework.security.web.context.SecurityContextHolderFilter@373636f3, org.springframework.security.web.header.HeaderWriterFilter@207b440f, org.springframework.web.filter.CorsFilter@1ad55833, org.springframework.security.web.authentication.logout.LogoutFilter@905e189, main.jwt.JwtFilter@77035caa, org.springframework.security.web.savedrequest.RequestCacheAwareFilter@66e478c7, org.springframework.security.web.servletapi.SecurityContextHolderAwareRequestFilter@14270715, org.springframework.security.web.authentication.AnonymousAuthenticationFilter@4bc01cab, org.springframework.security.web.session.SessionManagementFilter@449be249, org.springframework.security.web.access.ExceptionTranslationFilter@766f5049, org.springframework.security.web.access.intercept.AuthorizationFilter@3f36d387]
2025-07-15 13:17:34 INFO  [main] o.a.coyote.http11.Http11NioProtocol - Starting ProtocolHandler ["http-nio-8080"]
2025-07-15 13:17:34 INFO  [main] o.s.b.w.e.tomcat.TomcatWebServer - Tomcat started on port 8080 (http) with context path ''
2025-07-15 13:17:34 INFO  [main] main.SocialApplication - Started SocialApplication in 5.601 seconds (process running for 5.993)
2025-07-15 13:19:47 INFO  [http-nio-8080-exec-1] o.a.c.c.C.[Tomcat].[localhost].[/] - Initializing Spring DispatcherServlet 'dispatcherServlet'
2025-07-15 13:19:47 INFO  [http-nio-8080-exec-1] o.s.web.servlet.DispatcherServlet - Initializing Servlet 'dispatcherServlet'
2025-07-15 13:19:47 INFO  [http-nio-8080-exec-1] o.s.web.servlet.DispatcherServlet - Completed initialization in 1 ms
2025-07-15 13:19:48 INFO  [http-nio-8080-exec-7] main.controllers.AuthController - Authenticating user: 'mama_rodi'
2025-07-15 13:20:05 WARN  [http-nio-8080-exec-4] o.s.w.s.m.s.DefaultHandlerExceptionResolver - Resolved [org.springframework.web.HttpRequestMethodNotSupportedException: Request method 'POST' is not supported]
2025-07-15 13:20:25 WARN  [http-nio-8080-exec-6] o.s.w.s.m.s.DefaultHandlerExceptionResolver - Resolved [org.springframework.web.HttpRequestMethodNotSupportedException: Request method 'POST' is not supported]
2025-07-15 13:21:00 WARN  [http-nio-8080-exec-8] o.s.w.s.m.s.DefaultHandlerExceptionResolver - Resolved [org.springframework.web.bind.MissingServletRequestParameterException: Required request parameter 'me' for method parameter type String is not present]
2025-07-15 13:21:53 WARN  [http-nio-8080-exec-2] o.s.w.s.m.s.DefaultHandlerExceptionResolver - Resolved [org.springframework.web.bind.MissingServletRequestParameterException: Required request parameter 'me' for method parameter type String is not present]
2025-07-15 13:30:45 INFO  [http-nio-8080-exec-2] main.controllers.AuthController - Registering user: 'userNew'
2025-07-15 13:30:45 INFO  [http-nio-8080-exec-2] main.services.AuthService - Attempting to register user: 'userNew'
2025-07-15 13:30:45 INFO  [http-nio-8080-exec-2] main.services.AuthService - User 'userNew' registered successfully
2025-07-15 13:31:03 INFO  [http-nio-8080-exec-7] main.controllers.AuthController - Authenticating user: 'newUser'
2025-07-15 13:31:03 ERROR [http-nio-8080-exec-7] main.controllers.AuthController - Error during login: Bad credentials
2025-07-15 13:31:12 INFO  [http-nio-8080-exec-4] main.controllers.AuthController - Authenticating user: 'userNew'
2025-07-15 13:33:36 WARN  [HikariPool-1 housekeeper] com.zaxxer.hikari.pool.HikariPool - HikariPool-1 - Thread starvation or clock leap detected (housekeeper delta=1m35s462ms313µs200ns).
2025-07-15 13:44:15 INFO  [background-preinit] o.h.validator.internal.util.Version - HV000001: Hibernate Validator 8.0.1.Final
2025-07-15 13:44:15 INFO  [main] main.SocialApplication - Starting SocialApplication using Java 21 with PID 8332 (C:\Users\claud\IdeaProjects\Ping\Ping\Server\build\classes\java\main started by claud in C:\Users\claud\IdeaProjects\Ping\Ping\Server)
2025-07-15 13:44:15 DEBUG [main] main.SocialApplication - Running with Spring Boot v3.2.7, Spring v6.1.10
2025-07-15 13:44:15 INFO  [main] main.SocialApplication - The following 1 profile is active: "dev"
2025-07-15 13:44:16 INFO  [main] o.s.d.r.c.RepositoryConfigurationDelegate - Bootstrapping Spring Data JPA repositories in DEFAULT mode.
2025-07-15 13:44:16 INFO  [main] o.s.d.r.c.RepositoryConfigurationDelegate - Finished Spring Data repository scanning in 77 ms. Found 10 JPA repository interfaces.
2025-07-15 13:44:17 INFO  [main] o.s.b.w.e.tomcat.TomcatWebServer - Tomcat initialized with port 8080 (http)
2025-07-15 13:44:17 INFO  [main] o.a.coyote.http11.Http11NioProtocol - Initializing ProtocolHandler ["http-nio-8080"]
2025-07-15 13:44:17 INFO  [main] o.a.catalina.core.StandardService - Starting service [Tomcat]
2025-07-15 13:44:17 INFO  [main] o.a.catalina.core.StandardEngine - Starting Servlet engine: [Apache Tomcat/10.1.25]
2025-07-15 13:44:17 INFO  [main] o.a.c.c.C.[Tomcat].[localhost].[/] - Initializing Spring embedded WebApplicationContext
2025-07-15 13:44:17 INFO  [main] o.s.b.w.s.c.ServletWebServerApplicationContext - Root WebApplicationContext: initialization completed in 1456 ms
2025-07-15 13:44:17 INFO  [main] o.h.jpa.internal.util.LogHelper - HHH000204: Processing PersistenceUnitInfo [name: default]
2025-07-15 13:44:17 INFO  [main] org.hibernate.Version - HHH000412: Hibernate ORM core version 6.4.9.Final
2025-07-15 13:44:17 INFO  [main] o.h.c.i.RegionFactoryInitiator - HHH000026: Second-level cache disabled
2025-07-15 13:44:17 INFO  [main] o.s.o.j.p.SpringPersistenceUnitInfo - No LoadTimeWeaver setup: ignoring JPA class transformer
2025-07-15 13:44:17 INFO  [main] com.zaxxer.hikari.HikariDataSource - HikariPool-1 - Starting...
2025-07-15 13:44:17 INFO  [main] com.zaxxer.hikari.pool.HikariPool - HikariPool-1 - Added connection org.postgresql.jdbc.PgConnection@4cc7e3ad
2025-07-15 13:44:17 INFO  [main] com.zaxxer.hikari.HikariDataSource - HikariPool-1 - Start completed.
2025-07-15 13:44:18 WARN  [main] org.hibernate.orm.deprecation - HHH90000025: PostgreSQLDialect does not need to be specified explicitly using 'hibernate.dialect' (remove the property setting and it will be selected by default)
2025-07-15 13:44:19 INFO  [main] o.h.e.t.j.p.i.JtaPlatformInitiator - HHH000489: No JTA platform available (set 'hibernate.transaction.jta.platform' to enable JTA platform integration)
2025-07-15 13:44:19 INFO  [main] o.s.o.j.LocalContainerEntityManagerFactoryBean - Initialized JPA EntityManagerFactory for persistence unit 'default'
2025-07-15 13:44:19 INFO  [main] o.s.d.j.r.query.QueryEnhancerFactory - Hibernate is in classpath; If applicable, HQL parser will be used.
2025-07-15 13:44:20 DEBUG [main] main.jwt.JwtFilter - Filter 'jwtFilter' configured for use
2025-07-15 13:44:20 WARN  [main] o.s.b.a.o.j.JpaBaseConfiguration$JpaWebConfiguration - spring.jpa.open-in-view is enabled by default. Therefore, database queries may be performed during view rendering. Explicitly configure spring.jpa.open-in-view to disable this warning
2025-07-15 13:44:20 INFO  [main] main.seed.Seeded - User already exists
2025-07-15 13:44:20 INFO  [main] main.seed.Seeded - Friendship between 'admin' and 'ana' already exists
2025-07-15 13:44:20 INFO  [main] o.s.s.web.DefaultSecurityFilterChain - Will secure any request with [org.springframework.security.web.session.DisableEncodeUrlFilter@28736857, org.springframework.security.web.context.request.async.WebAsyncManagerIntegrationFilter@5073b0b8, org.springframework.security.web.context.SecurityContextHolderFilter@50f71f48, org.springframework.security.web.header.HeaderWriterFilter@5008c5a, org.springframework.web.filter.CorsFilter@10c23a76, org.springframework.security.web.authentication.logout.LogoutFilter@3f36d387, main.jwt.JwtFilter@30f0b75, org.springframework.security.web.savedrequest.RequestCacheAwareFilter@3b829ef, org.springframework.security.web.servletapi.SecurityContextHolderAwareRequestFilter@131af11d, org.springframework.security.web.authentication.AnonymousAuthenticationFilter@24c186cc, org.springframework.security.web.session.SessionManagementFilter@55623ed5, org.springframework.security.web.access.ExceptionTranslationFilter@6c53ce34, org.springframework.security.web.access.intercept.AuthorizationFilter@68d21554]
2025-07-15 13:44:21 INFO  [main] o.a.coyote.http11.Http11NioProtocol - Starting ProtocolHandler ["http-nio-8080"]
2025-07-15 13:44:21 INFO  [main] o.s.b.w.e.tomcat.TomcatWebServer - Tomcat started on port 8080 (http) with context path ''
2025-07-15 13:44:21 INFO  [main] main.SocialApplication - Started SocialApplication in 5.937 seconds (process running for 6.42)
2025-07-15 13:45:27 INFO  [http-nio-8080-exec-1] o.a.c.c.C.[Tomcat].[localhost].[/] - Initializing Spring DispatcherServlet 'dispatcherServlet'
2025-07-15 13:45:27 INFO  [http-nio-8080-exec-1] o.s.web.servlet.DispatcherServlet - Initializing Servlet 'dispatcherServlet'
2025-07-15 13:45:27 INFO  [http-nio-8080-exec-1] o.s.web.servlet.DispatcherServlet - Completed initialization in 2 ms
2025-07-15 13:46:01 INFO  [http-nio-8080-exec-4] main.controllers.AuthController - Authenticating user: 'mama_rodi'
2025-07-15 13:57:29 INFO  [background-preinit] o.h.validator.internal.util.Version - HV000001: Hibernate Validator 8.0.1.Final
2025-07-15 13:57:30 INFO  [main] main.SocialApplication - Starting SocialApplication using Java 21 with PID 8188 (C:\Users\claud\IdeaProjects\Ping\Ping\Server\build\classes\java\main started by claud in C:\Users\claud\IdeaProjects\Ping\Ping\Server)
2025-07-15 13:57:30 DEBUG [main] main.SocialApplication - Running with Spring Boot v3.2.7, Spring v6.1.10
2025-07-15 13:57:30 INFO  [main] main.SocialApplication - The following 1 profile is active: "dev"
2025-07-15 13:57:30 INFO  [main] o.s.d.r.c.RepositoryConfigurationDelegate - Bootstrapping Spring Data JPA repositories in DEFAULT mode.
2025-07-15 13:57:30 INFO  [main] o.s.d.r.c.RepositoryConfigurationDelegate - Finished Spring Data repository scanning in 49 ms. Found 10 JPA repository interfaces.
2025-07-15 13:57:31 INFO  [main] o.s.b.w.e.tomcat.TomcatWebServer - Tomcat initialized with port 8080 (http)
2025-07-15 13:57:31 INFO  [main] o.a.coyote.http11.Http11NioProtocol - Initializing ProtocolHandler ["http-nio-8080"]
2025-07-15 13:57:31 INFO  [main] o.a.catalina.core.StandardService - Starting service [Tomcat]
2025-07-15 13:57:31 INFO  [main] o.a.catalina.core.StandardEngine - Starting Servlet engine: [Apache Tomcat/10.1.25]
2025-07-15 13:57:31 INFO  [main] o.a.c.c.C.[Tomcat].[localhost].[/] - Initializing Spring embedded WebApplicationContext
2025-07-15 13:57:31 INFO  [main] o.s.b.w.s.c.ServletWebServerApplicationContext - Root WebApplicationContext: initialization completed in 1014 ms
2025-07-15 13:57:31 INFO  [main] o.h.jpa.internal.util.LogHelper - HHH000204: Processing PersistenceUnitInfo [name: default]
2025-07-15 13:57:31 INFO  [main] org.hibernate.Version - HHH000412: Hibernate ORM core version 6.4.9.Final
2025-07-15 13:57:31 INFO  [main] o.h.c.i.RegionFactoryInitiator - HHH000026: Second-level cache disabled
2025-07-15 13:57:31 INFO  [main] o.s.o.j.p.SpringPersistenceUnitInfo - No LoadTimeWeaver setup: ignoring JPA class transformer
2025-07-15 13:57:31 INFO  [main] com.zaxxer.hikari.HikariDataSource - HikariPool-1 - Starting...
2025-07-15 13:57:31 INFO  [main] com.zaxxer.hikari.pool.HikariPool - HikariPool-1 - Added connection org.postgresql.jdbc.PgConnection@5efe5b25
2025-07-15 13:57:31 INFO  [main] com.zaxxer.hikari.HikariDataSource - HikariPool-1 - Start completed.
2025-07-15 13:57:31 WARN  [main] org.hibernate.orm.deprecation - HHH90000025: PostgreSQLDialect does not need to be specified explicitly using 'hibernate.dialect' (remove the property setting and it will be selected by default)
2025-07-15 13:57:32 INFO  [main] o.h.e.t.j.p.i.JtaPlatformInitiator - HHH000489: No JTA platform available (set 'hibernate.transaction.jta.platform' to enable JTA platform integration)
2025-07-15 13:57:32 INFO  [main] o.s.o.j.LocalContainerEntityManagerFactoryBean - Initialized JPA EntityManagerFactory for persistence unit 'default'
2025-07-15 13:57:32 INFO  [main] o.s.d.j.r.query.QueryEnhancerFactory - Hibernate is in classpath; If applicable, HQL parser will be used.
2025-07-15 13:57:33 DEBUG [main] main.jwt.JwtFilter - Filter 'jwtFilter' configured for use
2025-07-15 13:57:33 WARN  [main] o.s.b.a.o.j.JpaBaseConfiguration$JpaWebConfiguration - spring.jpa.open-in-view is enabled by default. Therefore, database queries may be performed during view rendering. Explicitly configure spring.jpa.open-in-view to disable this warning
2025-07-15 13:57:33 INFO  [main] main.seed.Seeded - User already exists
2025-07-15 13:57:33 INFO  [main] main.seed.Seeded - Friendship between 'admin' and 'ana' already exists
2025-07-15 13:57:33 INFO  [main] o.s.s.web.DefaultSecurityFilterChain - Will secure any request with [org.springframework.security.web.session.DisableEncodeUrlFilter@5381acc6, org.springframework.security.web.context.request.async.WebAsyncManagerIntegrationFilter@16db679e, org.springframework.security.web.context.SecurityContextHolderFilter@5ffdea7c, org.springframework.security.web.header.HeaderWriterFilter@47fb7dbb, org.springframework.web.filter.CorsFilter@3074d565, org.springframework.security.web.authentication.logout.LogoutFilter@4fde13d0, main.jwt.JwtFilter@1c8746a0, org.springframework.security.web.savedrequest.RequestCacheAwareFilter@2d43bedb, org.springframework.security.web.servletapi.SecurityContextHolderAwareRequestFilter@373636f3, org.springframework.security.web.authentication.AnonymousAuthenticationFilter@42775280, org.springframework.security.web.session.SessionManagementFilter@6c53ce34, org.springframework.security.web.access.ExceptionTranslationFilter@25ca56de, org.springframework.security.web.access.intercept.AuthorizationFilter@22ecee76]
2025-07-15 13:57:34 INFO  [main] o.a.coyote.http11.Http11NioProtocol - Starting ProtocolHandler ["http-nio-8080"]
2025-07-15 13:57:34 INFO  [main] o.s.b.w.e.tomcat.TomcatWebServer - Tomcat started on port 8080 (http) with context path ''
2025-07-15 13:57:34 INFO  [main] main.SocialApplication - Started SocialApplication in 4.513 seconds (process running for 4.784)
2025-07-15 13:59:02 INFO  [http-nio-8080-exec-1] o.a.c.c.C.[Tomcat].[localhost].[/] - Initializing Spring DispatcherServlet 'dispatcherServlet'
2025-07-15 13:59:02 INFO  [http-nio-8080-exec-1] o.s.web.servlet.DispatcherServlet - Initializing Servlet 'dispatcherServlet'
2025-07-15 13:59:02 INFO  [http-nio-8080-exec-1] o.s.web.servlet.DispatcherServlet - Completed initialization in 1 ms
2025-07-15 13:59:02 WARN  [http-nio-8080-exec-7] o.s.w.s.m.s.DefaultHandlerExceptionResolver - Resolved [org.springframework.web.bind.MethodArgumentNotValidException: Validation failed for argument [0] in public org.springframework.http.ResponseEntity<main.dto.response.auth.ForgotPasswordResponse> main.controllers.AuthController.forgotPassword(main.dto.request.auth.ForgotPasswordRequest): [Field error in object 'forgotPasswordRequest' on field 'phone': rejected value [774462411]; codes [Size.forgotPasswordRequest.phone,Size.phone,Size.java.lang.String,Size]; arguments [org.springframework.context.support.DefaultMessageSourceResolvable: codes [forgotPasswordRequest.phone,phone]; arguments []; default message [phone],2147483647,10]; default message [Phone should have at least 10 characters]] ]
2025-07-15 13:59:37 WARN  [http-nio-8080-exec-8] o.s.w.s.m.s.DefaultHandlerExceptionResolver - Resolved [org.springframework.web.bind.MethodArgumentNotValidException: Validation failed for argument [0] in public org.springframework.http.ResponseEntity<main.dto.response.auth.ForgotPasswordResponse> main.controllers.AuthController.forgotPassword(main.dto.request.auth.ForgotPasswordRequest): [Field error in object 'forgotPasswordRequest' on field 'phone': rejected value [774462411]; codes [Size.forgotPasswordRequest.phone,Size.phone,Size.java.lang.String,Size]; arguments [org.springframework.context.support.DefaultMessageSourceResolvable: codes [forgotPasswordRequest.phone,phone]; arguments []; default message [phone],2147483647,10]; default message [Phone should have at least 10 characters]] ]
2025-07-15 14:01:38 WARN  [http-nio-8080-exec-5] o.s.w.s.m.s.DefaultHandlerExceptionResolver - Resolved [org.springframework.web.bind.MethodArgumentNotValidException: Validation failed for argument [0] in public org.springframework.http.ResponseEntity<main.dto.response.auth.RegisterResponse> main.controllers.AuthController.register(main.dto.request.auth.RegisterRequest): [Field error in object 'registerRequest' on field 'phone': rejected value [770497706]; codes [Size.registerRequest.phone,Size.phone,Size.java.lang.String,Size]; arguments [org.springframework.context.support.DefaultMessageSourceResolvable: codes [registerRequest.phone,phone]; arguments []; default message [phone],2147483647,10]; default message [Phone should have at least 10 characters]] ]
2025-07-15 14:02:53 INFO  [background-preinit] o.h.validator.internal.util.Version - HV000001: Hibernate Validator 8.0.1.Final
2025-07-15 14:02:53 INFO  [main] main.SocialApplication - Starting SocialApplication using Java 21 with PID 28124 (C:\Users\claud\IdeaProjects\Ping\Ping\Server\build\classes\java\main started by claud in C:\Users\claud\IdeaProjects\Ping\Ping\Server)
2025-07-15 14:02:53 DEBUG [main] main.SocialApplication - Running with Spring Boot v3.2.7, Spring v6.1.10
2025-07-15 14:02:53 INFO  [main] main.SocialApplication - The following 1 profile is active: "dev"
2025-07-15 14:02:54 INFO  [main] o.s.d.r.c.RepositoryConfigurationDelegate - Bootstrapping Spring Data JPA repositories in DEFAULT mode.
2025-07-15 14:02:54 INFO  [main] o.s.d.r.c.RepositoryConfigurationDelegate - Finished Spring Data repository scanning in 52 ms. Found 10 JPA repository interfaces.
2025-07-15 14:02:54 INFO  [main] o.s.b.w.e.tomcat.TomcatWebServer - Tomcat initialized with port 8080 (http)
2025-07-15 14:02:54 INFO  [main] o.a.coyote.http11.Http11NioProtocol - Initializing ProtocolHandler ["http-nio-8080"]
2025-07-15 14:02:54 INFO  [main] o.a.catalina.core.StandardService - Starting service [Tomcat]
2025-07-15 14:02:54 INFO  [main] o.a.catalina.core.StandardEngine - Starting Servlet engine: [Apache Tomcat/10.1.25]
2025-07-15 14:02:54 INFO  [main] o.a.c.c.C.[Tomcat].[localhost].[/] - Initializing Spring embedded WebApplicationContext
2025-07-15 14:02:54 INFO  [main] o.s.b.w.s.c.ServletWebServerApplicationContext - Root WebApplicationContext: initialization completed in 1011 ms
2025-07-15 14:02:54 INFO  [main] o.h.jpa.internal.util.LogHelper - HHH000204: Processing PersistenceUnitInfo [name: default]
2025-07-15 14:02:54 INFO  [main] org.hibernate.Version - HHH000412: Hibernate ORM core version 6.4.9.Final
2025-07-15 14:02:54 INFO  [main] o.h.c.i.RegionFactoryInitiator - HHH000026: Second-level cache disabled
2025-07-15 14:02:55 INFO  [main] o.s.o.j.p.SpringPersistenceUnitInfo - No LoadTimeWeaver setup: ignoring JPA class transformer
2025-07-15 14:02:55 INFO  [main] com.zaxxer.hikari.HikariDataSource - HikariPool-1 - Starting...
2025-07-15 14:02:55 INFO  [main] com.zaxxer.hikari.pool.HikariPool - HikariPool-1 - Added connection org.postgresql.jdbc.PgConnection@134c38
2025-07-15 14:02:55 INFO  [main] com.zaxxer.hikari.HikariDataSource - HikariPool-1 - Start completed.
2025-07-15 14:02:55 WARN  [main] org.hibernate.orm.deprecation - HHH90000025: PostgreSQLDialect does not need to be specified explicitly using 'hibernate.dialect' (remove the property setting and it will be selected by default)
2025-07-15 14:02:56 INFO  [main] o.h.e.t.j.p.i.JtaPlatformInitiator - HHH000489: No JTA platform available (set 'hibernate.transaction.jta.platform' to enable JTA platform integration)
2025-07-15 14:02:56 INFO  [main] o.s.o.j.LocalContainerEntityManagerFactoryBean - Initialized JPA EntityManagerFactory for persistence unit 'default'
2025-07-15 14:02:56 INFO  [main] o.s.d.j.r.query.QueryEnhancerFactory - Hibernate is in classpath; If applicable, HQL parser will be used.
2025-07-15 14:02:56 DEBUG [main] main.jwt.JwtFilter - Filter 'jwtFilter' configured for use
2025-07-15 14:02:56 WARN  [main] o.s.b.a.o.j.JpaBaseConfiguration$JpaWebConfiguration - spring.jpa.open-in-view is enabled by default. Therefore, database queries may be performed during view rendering. Explicitly configure spring.jpa.open-in-view to disable this warning
2025-07-15 14:02:57 INFO  [main] main.seed.Seeded - User already exists
2025-07-15 14:02:57 INFO  [main] main.seed.Seeded - Friendship between 'admin' and 'ana' already exists
2025-07-15 14:02:57 INFO  [main] o.s.s.web.DefaultSecurityFilterChain - Will secure any request with [org.springframework.security.web.session.DisableEncodeUrlFilter@16be6b36, org.springframework.security.web.context.request.async.WebAsyncManagerIntegrationFilter@58f6dab9, org.springframework.security.web.context.SecurityContextHolderFilter@1c32c581, org.springframework.security.web.header.HeaderWriterFilter@1653cc95, org.springframework.web.filter.CorsFilter@68d21554, org.springframework.security.web.authentication.logout.LogoutFilter@3074d565, main.jwt.JwtFilter@316987c4, org.springframework.security.web.savedrequest.RequestCacheAwareFilter@55623ed5, org.springframework.security.web.servletapi.SecurityContextHolderAwareRequestFilter@7cb39309, org.springframework.security.web.authentication.AnonymousAuthenticationFilter@23bc69a1, org.springframework.security.web.session.SessionManagementFilter@2ca413f6, org.springframework.security.web.access.ExceptionTranslationFilter@7e9074b2, org.springframework.security.web.access.intercept.AuthorizationFilter@4694dfd]
2025-07-15 14:02:57 INFO  [main] o.a.coyote.http11.Http11NioProtocol - Starting ProtocolHandler ["http-nio-8080"]
2025-07-15 14:02:57 INFO  [main] o.s.b.w.e.tomcat.TomcatWebServer - Tomcat started on port 8080 (http) with context path ''
2025-07-15 14:02:57 INFO  [main] main.SocialApplication - Started SocialApplication in 4.391 seconds (process running for 4.653)
2025-07-15 14:03:07 INFO  [http-nio-8080-exec-1] o.a.c.c.C.[Tomcat].[localhost].[/] - Initializing Spring DispatcherServlet 'dispatcherServlet'
2025-07-15 14:03:07 INFO  [http-nio-8080-exec-1] o.s.web.servlet.DispatcherServlet - Initializing Servlet 'dispatcherServlet'
2025-07-15 14:03:07 INFO  [http-nio-8080-exec-1] o.s.web.servlet.DispatcherServlet - Completed initialization in 1 ms
2025-07-15 14:03:07 INFO  [http-nio-8080-exec-5] main.controllers.AuthController - Registering user: 'anotherUser'
2025-07-15 14:03:07 INFO  [http-nio-8080-exec-5] main.services.AuthService - Attempting to register user: 'anotherUser'
2025-07-15 14:03:07 INFO  [http-nio-8080-exec-5] main.services.AuthService - User 'anotherUser' registered successfully
2025-07-15 14:03:30 INFO  [http-nio-8080-exec-3] main.services.AuthService - Reset code sent to 770497706
2025-07-15 14:03:30 INFO  [http-nio-8080-exec-3] main.sms.SmsSend - SMS sent successfully to 40770497706
2025-07-15 14:08:49 INFO  [http-nio-8080-exec-8] main.controllers.AuthController - Registering user: 'claudiu2004'
2025-07-15 14:08:49 INFO  [http-nio-8080-exec-8] main.services.AuthService - Attempting to register user: 'claudiu2004'
2025-07-15 14:08:49 INFO  [http-nio-8080-exec-8] main.services.AuthService - User 'claudiu2004' registered successfully
2025-07-15 14:08:59 INFO  [http-nio-8080-exec-10] main.services.AuthService - Reset code sent to 774462411
2025-07-15 14:09:00 INFO  [http-nio-8080-exec-10] main.sms.SmsSend - SMS sent successfully to 40774462411
2025-07-15 14:14:33 INFO  [background-preinit] o.h.validator.internal.util.Version - HV000001: Hibernate Validator 8.0.1.Final
2025-07-15 14:14:33 INFO  [main] main.SocialApplication - Starting SocialApplication using Java 21 with PID 26532 (C:\Users\claud\IdeaProjects\Ping\Ping\Server\build\classes\java\main started by claud in C:\Users\claud\IdeaProjects\Ping\Ping\Server)
2025-07-15 14:14:33 DEBUG [main] main.SocialApplication - Running with Spring Boot v3.2.7, Spring v6.1.10
2025-07-15 14:14:33 INFO  [main] main.SocialApplication - The following 1 profile is active: "dev"
2025-07-15 14:14:34 INFO  [main] o.s.d.r.c.RepositoryConfigurationDelegate - Bootstrapping Spring Data JPA repositories in DEFAULT mode.
2025-07-15 14:14:34 INFO  [main] o.s.d.r.c.RepositoryConfigurationDelegate - Finished Spring Data repository scanning in 52 ms. Found 10 JPA repository interfaces.
2025-07-15 14:14:34 INFO  [main] o.s.b.w.e.tomcat.TomcatWebServer - Tomcat initialized with port 8080 (http)
2025-07-15 14:14:34 INFO  [main] o.a.coyote.http11.Http11NioProtocol - Initializing ProtocolHandler ["http-nio-8080"]
2025-07-15 14:14:34 INFO  [main] o.a.catalina.core.StandardService - Starting service [Tomcat]
2025-07-15 14:14:34 INFO  [main] o.a.catalina.core.StandardEngine - Starting Servlet engine: [Apache Tomcat/10.1.25]
2025-07-15 14:14:34 INFO  [main] o.a.c.c.C.[Tomcat].[localhost].[/] - Initializing Spring embedded WebApplicationContext
2025-07-15 14:14:34 INFO  [main] o.s.b.w.s.c.ServletWebServerApplicationContext - Root WebApplicationContext: initialization completed in 983 ms
2025-07-15 14:14:34 INFO  [main] o.h.jpa.internal.util.LogHelper - HHH000204: Processing PersistenceUnitInfo [name: default]
2025-07-15 14:14:34 INFO  [main] org.hibernate.Version - HHH000412: Hibernate ORM core version 6.4.9.Final
2025-07-15 14:14:34 INFO  [main] o.h.c.i.RegionFactoryInitiator - HHH000026: Second-level cache disabled
2025-07-15 14:14:35 INFO  [main] o.s.o.j.p.SpringPersistenceUnitInfo - No LoadTimeWeaver setup: ignoring JPA class transformer
2025-07-15 14:14:35 INFO  [main] com.zaxxer.hikari.HikariDataSource - HikariPool-1 - Starting...
2025-07-15 14:14:35 INFO  [main] com.zaxxer.hikari.pool.HikariPool - HikariPool-1 - Added connection org.postgresql.jdbc.PgConnection@1f0e2bdc
2025-07-15 14:14:35 INFO  [main] com.zaxxer.hikari.HikariDataSource - HikariPool-1 - Start completed.
2025-07-15 14:14:35 WARN  [main] org.hibernate.orm.deprecation - HHH90000025: PostgreSQLDialect does not need to be specified explicitly using 'hibernate.dialect' (remove the property setting and it will be selected by default)
2025-07-15 14:14:36 INFO  [main] o.h.e.t.j.p.i.JtaPlatformInitiator - HHH000489: No JTA platform available (set 'hibernate.transaction.jta.platform' to enable JTA platform integration)
2025-07-15 14:14:36 INFO  [main] o.s.o.j.LocalContainerEntityManagerFactoryBean - Initialized JPA EntityManagerFactory for persistence unit 'default'
2025-07-15 14:14:36 INFO  [main] o.s.d.j.r.query.QueryEnhancerFactory - Hibernate is in classpath; If applicable, HQL parser will be used.
2025-07-15 14:14:36 DEBUG [main] main.jwt.JwtFilter - Filter 'jwtFilter' configured for use
2025-07-15 14:14:36 WARN  [main] o.s.b.a.o.j.JpaBaseConfiguration$JpaWebConfiguration - spring.jpa.open-in-view is enabled by default. Therefore, database queries may be performed during view rendering. Explicitly configure spring.jpa.open-in-view to disable this warning
2025-07-15 14:14:37 INFO  [main] main.seed.Seeded - User already exists
2025-07-15 14:14:37 INFO  [main] main.seed.Seeded - Friendship between 'admin' and 'ana' already exists
2025-07-15 14:14:37 INFO  [main] o.s.s.web.DefaultSecurityFilterChain - Will secure any request with [org.springframework.security.web.session.DisableEncodeUrlFilter@68d21554, org.springframework.security.web.context.request.async.WebAsyncManagerIntegrationFilter@23bc69a1, org.springframework.security.web.context.SecurityContextHolderFilter@55623ed5, org.springframework.security.web.header.HeaderWriterFilter@1569e9d7, org.springframework.web.filter.CorsFilter@463e413b, org.springframework.security.web.authentication.logout.LogoutFilter@1cce2194, main.jwt.JwtFilter@7720334e, org.springframework.security.web.savedrequest.RequestCacheAwareFilter@6a3a3b93, org.springframework.security.web.servletapi.SecurityContextHolderAwareRequestFilter@2d158175, org.springframework.security.web.authentication.AnonymousAuthenticationFilter@28736857, org.springframework.security.web.session.SessionManagementFilter@1a35f99a, org.springframework.security.web.access.ExceptionTranslationFilter@1653cc95, org.springframework.security.web.access.intercept.AuthorizationFilter@4bc01cab]
2025-07-15 14:14:37 INFO  [main] o.a.coyote.http11.Http11NioProtocol - Starting ProtocolHandler ["http-nio-8080"]
2025-07-15 14:14:37 INFO  [main] o.s.b.w.e.tomcat.TomcatWebServer - Tomcat started on port 8080 (http) with context path ''
2025-07-15 14:14:37 INFO  [main] main.SocialApplication - Started SocialApplication in 4.159 seconds (process running for 4.424)
2025-07-15 14:14:48 INFO  [http-nio-8080-exec-1] o.a.c.c.C.[Tomcat].[localhost].[/] - Initializing Spring DispatcherServlet 'dispatcherServlet'
2025-07-15 14:14:48 INFO  [http-nio-8080-exec-1] o.s.web.servlet.DispatcherServlet - Initializing Servlet 'dispatcherServlet'
2025-07-15 14:14:48 INFO  [http-nio-8080-exec-1] o.s.web.servlet.DispatcherServlet - Completed initialization in 1 ms
2025-07-15 14:49:19 INFO  [background-preinit] o.h.validator.internal.util.Version - HV000001: Hibernate Validator 8.0.1.Final
2025-07-15 14:49:19 INFO  [main] main.SocialApplication - Starting SocialApplication using Java 21 with PID 24132 (C:\Users\claud\IdeaProjects\Ping\Ping\Server\build\classes\java\main started by claud in C:\Users\claud\IdeaProjects\Ping\Ping\Server)
2025-07-15 14:49:19 DEBUG [main] main.SocialApplication - Running with Spring Boot v3.2.7, Spring v6.1.10
2025-07-15 14:49:19 INFO  [main] main.SocialApplication - The following 1 profile is active: "dev"
2025-07-15 14:49:21 INFO  [main] o.s.d.r.c.RepositoryConfigurationDelegate - Bootstrapping Spring Data JPA repositories in DEFAULT mode.
2025-07-15 14:49:21 INFO  [main] o.s.d.r.c.RepositoryConfigurationDelegate - Finished Spring Data repository scanning in 237 ms. Found 10 JPA repository interfaces.
2025-07-15 14:49:23 INFO  [main] o.s.b.w.e.tomcat.TomcatWebServer - Tomcat initialized with port 8080 (http)
2025-07-15 14:49:23 INFO  [main] o.a.coyote.http11.Http11NioProtocol - Initializing ProtocolHandler ["http-nio-8080"]
2025-07-15 14:49:23 INFO  [main] o.a.catalina.core.StandardService - Starting service [Tomcat]
2025-07-15 14:49:23 INFO  [main] o.a.catalina.core.StandardEngine - Starting Servlet engine: [Apache Tomcat/10.1.25]
2025-07-15 14:49:24 INFO  [main] o.a.c.c.C.[Tomcat].[localhost].[/] - Initializing Spring embedded WebApplicationContext
2025-07-15 14:49:24 INFO  [main] o.s.b.w.s.c.ServletWebServerApplicationContext - Root WebApplicationContext: initialization completed in 4639 ms
2025-07-15 14:49:25 INFO  [main] o.h.jpa.internal.util.LogHelper - HHH000204: Processing PersistenceUnitInfo [name: default]
2025-07-15 14:49:25 INFO  [main] org.hibernate.Version - HHH000412: Hibernate ORM core version 6.4.9.Final
2025-07-15 14:49:25 INFO  [main] o.h.c.i.RegionFactoryInitiator - HHH000026: Second-level cache disabled
2025-07-15 14:49:26 INFO  [main] o.s.o.j.p.SpringPersistenceUnitInfo - No LoadTimeWeaver setup: ignoring JPA class transformer
2025-07-15 14:49:26 INFO  [main] com.zaxxer.hikari.HikariDataSource - HikariPool-1 - Starting...
2025-07-15 14:49:27 INFO  [main] com.zaxxer.hikari.pool.HikariPool - HikariPool-1 - Added connection org.postgresql.jdbc.PgConnection@45707f76
2025-07-15 14:49:27 INFO  [main] com.zaxxer.hikari.HikariDataSource - HikariPool-1 - Start completed.
2025-07-15 14:49:27 WARN  [main] org.hibernate.orm.deprecation - HHH90000025: PostgreSQLDialect does not need to be specified explicitly using 'hibernate.dialect' (remove the property setting and it will be selected by default)
2025-07-15 14:49:29 INFO  [main] o.h.e.t.j.p.i.JtaPlatformInitiator - HHH000489: No JTA platform available (set 'hibernate.transaction.jta.platform' to enable JTA platform integration)
2025-07-15 14:49:29 INFO  [main] o.s.o.j.LocalContainerEntityManagerFactoryBean - Initialized JPA EntityManagerFactory for persistence unit 'default'
2025-07-15 14:49:30 INFO  [main] o.s.d.j.r.query.QueryEnhancerFactory - Hibernate is in classpath; If applicable, HQL parser will be used.
2025-07-15 14:49:31 DEBUG [main] main.jwt.JwtFilter - Filter 'jwtFilter' configured for use
2025-07-15 14:49:31 WARN  [main] o.s.b.a.o.j.JpaBaseConfiguration$JpaWebConfiguration - spring.jpa.open-in-view is enabled by default. Therefore, database queries may be performed during view rendering. Explicitly configure spring.jpa.open-in-view to disable this warning
2025-07-15 14:49:32 INFO  [main] main.seed.Seeded - User already exists
2025-07-15 14:49:32 INFO  [main] main.seed.Seeded - Friendship between 'admin' and 'ana' already exists
2025-07-15 14:49:33 INFO  [main] o.s.s.web.DefaultSecurityFilterChain - Will secure any request with [org.springframework.security.web.session.DisableEncodeUrlFilter@5073b0b8, org.springframework.security.web.context.request.async.WebAsyncManagerIntegrationFilter@10c23a76, org.springframework.security.web.context.SecurityContextHolderFilter@14270715, org.springframework.security.web.header.HeaderWriterFilter@5ffdea7c, org.springframework.web.filter.CorsFilter@24c186cc, org.springframework.security.web.authentication.logout.LogoutFilter@52999774, main.jwt.JwtFilter@1bc80978, org.springframework.security.web.savedrequest.RequestCacheAwareFilter@38657ca8, org.springframework.security.web.servletapi.SecurityContextHolderAwareRequestFilter@1205d422, org.springframework.security.web.authentication.AnonymousAuthenticationFilter@17c373d3, org.springframework.security.web.session.SessionManagementFilter@60aee4ca, org.springframework.security.web.access.ExceptionTranslationFilter@64ec804f, org.springframework.security.web.access.intercept.AuthorizationFilter@23bc69a1]
2025-07-15 14:49:33 INFO  [main] o.a.coyote.http11.Http11NioProtocol - Starting ProtocolHandler ["http-nio-8080"]
2025-07-15 14:49:33 INFO  [main] o.s.b.w.e.tomcat.TomcatWebServer - Tomcat started on port 8080 (http) with context path ''
2025-07-15 14:49:33 INFO  [main] main.SocialApplication - Started SocialApplication in 15.587 seconds (process running for 16.626)
2025-07-15 14:51:12 INFO  [http-nio-8080-exec-1] o.a.c.c.C.[Tomcat].[localhost].[/] - Initializing Spring DispatcherServlet 'dispatcherServlet'
2025-07-15 14:51:12 INFO  [http-nio-8080-exec-1] o.s.web.servlet.DispatcherServlet - Initializing Servlet 'dispatcherServlet'
2025-07-15 14:51:12 INFO  [http-nio-8080-exec-1] o.s.web.servlet.DispatcherServlet - Completed initialization in 2 ms
2025-07-15 14:51:13 INFO  [http-nio-8080-exec-4] main.services.AuthService - Reset code sent to 774462411
2025-07-15 14:51:14 INFO  [http-nio-8080-exec-4] main.sms.SmsSend - SMS sent successfully to 40774462411
2025-07-15 14:51:34 INFO  [http-nio-8080-exec-5] main.services.AuthService - Marking token as verified (transactional)
2025-07-15 14:52:11 INFO  [http-nio-8080-exec-2] main.services.AuthService - Marking token as verified (transactional)
2025-07-15 15:00:42 INFO  [http-nio-8080-exec-1] main.services.AuthService - Marking token as verified (transactional)
2025-07-15 15:02:03 INFO  [http-nio-8080-exec-8] main.services.AuthService - Marking token as verified (transactional)
2025-07-15 15:02:36 WARN  [http-nio-8080-exec-6] o.s.w.s.m.s.DefaultHandlerExceptionResolver - Resolved [org.springframework.web.HttpRequestMethodNotSupportedException: Request method 'POST' is not supported]
2025-07-15 15:03:36 INFO  [http-nio-8080-exec-2] main.services.AuthService - Password reset successful for user claudiu2004
2025-07-15 15:05:10 INFO  [http-nio-8080-exec-1] main.controllers.AuthController - Authenticating user: 'claudiu2004'
