2025-07-17 10:38:23 INFO  [background-preinit] o.h.validator.internal.util.Version - HV000001: Hibernate Validator 8.0.1.Final
2025-07-17 10:38:23 INFO  [main] main.SocialApplication - Starting SocialApplication using Java 21 with PID 31560 (C:\Users\claud\IdeaProjects\Ping\Ping\Server\build\classes\java\main started by claud in C:\Users\claud\IdeaProjects\Ping\Ping\Server)
2025-07-17 10:38:23 DEBUG [main] main.SocialApplication - Running with Spring Boot v3.2.7, Spring v6.1.10
2025-07-17 10:38:23 INFO  [main] main.SocialApplication - The following 1 profile is active: "dev"
2025-07-17 10:38:23 INFO  [main] o.s.d.r.c.RepositoryConfigurationDelegate - Bootstrapping Spring Data JPA repositories in DEFAULT mode.
2025-07-17 10:38:23 INFO  [main] o.s.d.r.c.RepositoryConfigurationDelegate - Finished Spring Data repository scanning in 71 ms. Found 10 JPA repository interfaces.
2025-07-17 10:38:24 INFO  [main] o.s.b.w.e.tomcat.TomcatWebServer - Tomcat initialized with port 8080 (http)
2025-07-17 10:38:24 INFO  [main] o.a.coyote.http11.Http11NioProtocol - Initializing ProtocolHandler ["http-nio-8080"]
2025-07-17 10:38:24 INFO  [main] o.a.catalina.core.StandardService - Starting service [Tomcat]
2025-07-17 10:38:24 INFO  [main] o.a.catalina.core.StandardEngine - Starting Servlet engine: [Apache Tomcat/10.1.25]
2025-07-17 10:38:24 INFO  [main] o.a.c.c.C.[Tomcat].[localhost].[/] - Initializing Spring embedded WebApplicationContext
2025-07-17 10:38:24 INFO  [main] o.s.b.w.s.c.ServletWebServerApplicationContext - Root WebApplicationContext: initialization completed in 1536 ms
2025-07-17 10:38:24 INFO  [main] o.h.jpa.internal.util.LogHelper - HHH000204: Processing PersistenceUnitInfo [name: default]
2025-07-17 10:38:24 INFO  [main] org.hibernate.Version - HHH000412: Hibernate ORM core version 6.4.9.Final
2025-07-17 10:38:25 INFO  [main] o.h.c.i.RegionFactoryInitiator - HHH000026: Second-level cache disabled
2025-07-17 10:38:25 INFO  [main] o.s.o.j.p.SpringPersistenceUnitInfo - No LoadTimeWeaver setup: ignoring JPA class transformer
2025-07-17 10:38:25 INFO  [main] com.zaxxer.hikari.HikariDataSource - HikariPool-1 - Starting...
2025-07-17 10:38:25 INFO  [main] com.zaxxer.hikari.pool.HikariPool - HikariPool-1 - Added connection org.postgresql.jdbc.PgConnection@284d4885
2025-07-17 10:38:25 INFO  [main] com.zaxxer.hikari.HikariDataSource - HikariPool-1 - Start completed.
2025-07-17 10:38:25 WARN  [main] org.hibernate.orm.deprecation - HHH90000025: PostgreSQLDialect does not need to be specified explicitly using 'hibernate.dialect' (remove the property setting and it will be selected by default)
2025-07-17 10:38:27 INFO  [main] o.h.e.t.j.p.i.JtaPlatformInitiator - HHH000489: No JTA platform available (set 'hibernate.transaction.jta.platform' to enable JTA platform integration)
2025-07-17 10:38:27 INFO  [main] o.s.o.j.LocalContainerEntityManagerFactoryBean - Initialized JPA EntityManagerFactory for persistence unit 'default'
2025-07-17 10:38:27 INFO  [main] o.s.d.j.r.query.QueryEnhancerFactory - Hibernate is in classpath; If applicable, HQL parser will be used.
2025-07-17 10:38:28 DEBUG [main] main.jwt.JwtFilter - Filter 'jwtFilter' configured for use
2025-07-17 10:38:28 WARN  [main] o.s.b.a.o.j.JpaBaseConfiguration$JpaWebConfiguration - spring.jpa.open-in-view is enabled by default. Therefore, database queries may be performed during view rendering. Explicitly configure spring.jpa.open-in-view to disable this warning
2025-07-17 10:38:28 INFO  [main] main.seed.Seeded - User already exists
2025-07-17 10:38:29 INFO  [main] main.seed.Seeded - Friendship between 'admin' and 'ana' already exists
2025-07-17 10:38:29 INFO  [main] o.s.s.web.DefaultSecurityFilterChain - Will secure any request with [org.springframework.security.web.session.DisableEncodeUrlFilter@7e98be9f, org.springframework.security.web.context.request.async.WebAsyncManagerIntegrationFilter@20461e2b, org.springframework.security.web.context.SecurityContextHolderFilter@3f36d387, org.springframework.security.web.header.HeaderWriterFilter@34c83eb0, org.springframework.web.filter.CorsFilter@1f607db6, org.springframework.security.web.authentication.logout.LogoutFilter@2ff35d7, main.jwt.JwtFilter@7a6ade2c, org.springframework.security.web.savedrequest.RequestCacheAwareFilter@211e1b51, org.springframework.security.web.servletapi.SecurityContextHolderAwareRequestFilter@23bc69a1, org.springframework.security.web.authentication.AnonymousAuthenticationFilter@75288f47, org.springframework.security.web.session.SessionManagementFilter@1cce2194, org.springframework.security.web.access.ExceptionTranslationFilter@4bc15d49, org.springframework.security.web.access.intercept.AuthorizationFilter@dfa6f48]
2025-07-17 10:38:29 INFO  [main] o.a.coyote.http11.Http11NioProtocol - Starting ProtocolHandler ["http-nio-8080"]
2025-07-17 10:38:29 INFO  [main] o.s.b.w.e.tomcat.TomcatWebServer - Tomcat started on port 8080 (http) with context path ''
2025-07-17 10:38:29 INFO  [main] main.SocialApplication - Started SocialApplication in 6.932 seconds (process running for 7.32)
2025-07-17 10:38:54 INFO  [http-nio-8080-exec-1] o.a.c.c.C.[Tomcat].[localhost].[/] - Initializing Spring DispatcherServlet 'dispatcherServlet'
2025-07-17 10:38:54 INFO  [http-nio-8080-exec-1] o.s.web.servlet.DispatcherServlet - Initializing Servlet 'dispatcherServlet'
2025-07-17 10:38:54 INFO  [http-nio-8080-exec-1] o.s.web.servlet.DispatcherServlet - Completed initialization in 1 ms
2025-07-17 10:38:54 INFO  [http-nio-8080-exec-6] main.controllers.AuthController - Authenticating user: 'admin'
2025-07-17 10:38:56 INFO  [http-nio-8080-exec-10] main.services.PostService - Fetching posts for user: admin
2025-07-17 10:38:56 INFO  [http-nio-8080-exec-10] main.services.PostService - Found 2 posts for user 'admin'
2025-07-17 10:38:56 INFO  [http-nio-8080-exec-6] main.services.PostService - Fetching posts for user: admin
2025-07-17 10:38:56 INFO  [http-nio-8080-exec-6] main.services.PostService - Found 2 posts for user 'admin'
2025-07-17 10:38:56 INFO  [http-nio-8080-exec-4] main.services.FriendsService - Suggested 2 friends for user admin
2025-07-17 10:38:56 INFO  [http-nio-8080-exec-9] main.controllers.FriendsController - Fetching all pending friendship requests for 'admin'
2025-07-17 10:38:56 INFO  [http-nio-8080-exec-5] main.services.FriendsService - Suggested 2 friends for user admin
2025-07-17 10:38:56 INFO  [http-nio-8080-exec-9] main.controllers.FriendsController - Found 0 pending friendships for 'admin'
2025-07-17 10:38:56 INFO  [http-nio-8080-exec-8] main.controllers.FriendsController - Fetching all pending friendship requests for 'admin'
2025-07-17 10:38:56 INFO  [http-nio-8080-exec-8] main.controllers.FriendsController - Found 0 pending friendships for 'admin'
2025-07-17 10:39:17 INFO  [http-nio-8080-exec-2] main.controllers.FriendsController - Attempting to send friendship request from 'admin' to 'claudiu2004'
2025-07-17 10:39:17 INFO  [http-nio-8080-exec-2] main.services.FriendsService - Friendship request sent from admin to claudiu2004
2025-07-17 10:39:17 INFO  [http-nio-8080-exec-2] main.controllers.FriendsController - Friendship request successfully created from 'admin' to 'claudiu2004'
2025-07-17 10:39:21 INFO  [http-nio-8080-exec-4] main.services.PostService - Fetching posts for user: admin
2025-07-17 10:39:21 INFO  [http-nio-8080-exec-4] main.services.PostService - Found 2 posts for user 'admin'
2025-07-17 10:39:21 INFO  [http-nio-8080-exec-9] main.services.FriendsService - Suggested 1 friends for user admin
2025-07-17 10:39:21 INFO  [http-nio-8080-exec-1] main.controllers.FriendsController - Fetching all pending friendship requests for 'admin'
2025-07-17 10:39:21 INFO  [http-nio-8080-exec-1] main.controllers.FriendsController - Found 0 pending friendships for 'admin'
2025-07-17 10:40:29 INFO  [http-nio-8080-exec-2] main.services.PostService - Fetching posts for user: admin
2025-07-17 10:40:29 INFO  [http-nio-8080-exec-2] main.services.PostService - Found 2 posts for user 'admin'
2025-07-17 10:40:29 INFO  [http-nio-8080-exec-8] main.services.FriendsService - Suggested 1 friends for user admin
2025-07-17 10:40:29 INFO  [http-nio-8080-exec-4] main.controllers.FriendsController - Fetching all pending friendship requests for 'admin'
2025-07-17 10:40:29 INFO  [http-nio-8080-exec-4] main.controllers.FriendsController - Found 0 pending friendships for 'admin'
2025-07-17 10:41:07 INFO  [http-nio-8080-exec-4] main.services.PostService - Fetching posts for user: admin
2025-07-17 10:41:07 INFO  [http-nio-8080-exec-4] main.services.PostService - Found 2 posts for user 'admin'
2025-07-17 10:41:07 INFO  [http-nio-8080-exec-2] main.services.FriendsService - Suggested 1 friends for user admin
2025-07-17 10:41:07 INFO  [http-nio-8080-exec-10] main.controllers.FriendsController - Fetching all pending friendship requests for 'admin'
2025-07-17 10:41:07 INFO  [http-nio-8080-exec-10] main.controllers.FriendsController - Found 0 pending friendships for 'admin'
2025-07-17 11:28:59 WARN  [HikariPool-1 housekeeper] com.zaxxer.hikari.pool.HikariPool - HikariPool-1 - Thread starvation or clock leap detected (housekeeper delta=26m3s57ms311µs300ns).
2025-07-17 11:30:43 INFO  [http-nio-8080-exec-8] main.services.PostService - Fetching posts for user: admin
2025-07-17 11:30:43 INFO  [http-nio-8080-exec-8] main.services.PostService - Found 2 posts for user 'admin'
2025-07-17 11:30:43 INFO  [http-nio-8080-exec-7] main.services.FriendsService - Suggested 1 friends for user admin
2025-07-17 11:30:44 INFO  [http-nio-8080-exec-2] main.controllers.FriendsController - Fetching all pending friendship requests for 'admin'
2025-07-17 11:30:44 INFO  [http-nio-8080-exec-2] main.controllers.FriendsController - Found 0 pending friendships for 'admin'
2025-07-17 11:31:28 INFO  [http-nio-8080-exec-5] main.controllers.AuthController - Authenticating user: 'userNew'
2025-07-17 12:29:58 WARN  [HikariPool-1 housekeeper] com.zaxxer.hikari.pool.HikariPool - HikariPool-1 - Thread starvation or clock leap detected (housekeeper delta=49m29s39ms585µs400ns).
2025-07-17 13:28:44 INFO  [http-nio-8080-exec-5] main.services.PostService - Fetching posts for user: admin
2025-07-17 13:28:44 INFO  [http-nio-8080-exec-5] main.services.PostService - Found 2 posts for user 'admin'
2025-07-17 13:28:44 INFO  [http-nio-8080-exec-2] main.services.FriendsService - Suggested 1 friends for user admin
2025-07-17 13:28:44 INFO  [http-nio-8080-exec-1] main.controllers.FriendsController - Fetching all pending friendship requests for 'admin'
2025-07-17 13:28:44 INFO  [http-nio-8080-exec-1] main.controllers.FriendsController - Found 0 pending friendships for 'admin'
2025-07-17 13:30:17 INFO  [http-nio-8080-exec-1] main.services.PostService - Fetching posts for user: admin
2025-07-17 13:30:17 INFO  [http-nio-8080-exec-1] main.services.PostService - Found 2 posts for user 'admin'
2025-07-17 13:30:18 INFO  [http-nio-8080-exec-4] main.services.FriendsService - Suggested 1 friends for user admin
2025-07-17 13:30:18 INFO  [http-nio-8080-exec-6] main.controllers.FriendsController - Fetching all pending friendship requests for 'admin'
2025-07-17 13:30:18 INFO  [http-nio-8080-exec-6] main.controllers.FriendsController - Found 0 pending friendships for 'admin'
2025-07-17 13:30:24 INFO  [http-nio-8080-exec-5] main.services.PostService - Fetching posts for user: admin
2025-07-17 13:30:24 INFO  [http-nio-8080-exec-5] main.services.PostService - Found 2 posts for user 'admin'
2025-07-17 13:30:25 INFO  [http-nio-8080-exec-9] main.services.FriendsService - Suggested 1 friends for user admin
2025-07-17 13:30:25 INFO  [http-nio-8080-exec-1] main.controllers.FriendsController - Fetching all pending friendship requests for 'admin'
2025-07-17 13:30:25 INFO  [http-nio-8080-exec-1] main.controllers.FriendsController - Found 0 pending friendships for 'admin'
2025-07-17 13:32:33 INFO  [http-nio-8080-exec-7] main.services.PostService - Fetching posts for user: admin
2025-07-17 13:32:33 INFO  [http-nio-8080-exec-7] main.services.PostService - Found 2 posts for user 'admin'
2025-07-17 13:32:33 INFO  [http-nio-8080-exec-10] main.services.FriendsService - Suggested 1 friends for user admin
2025-07-17 13:32:33 INFO  [http-nio-8080-exec-8] main.controllers.FriendsController - Fetching all pending friendship requests for 'admin'
2025-07-17 13:32:33 INFO  [http-nio-8080-exec-8] main.controllers.FriendsController - Found 0 pending friendships for 'admin'
2025-07-17 13:35:35 INFO  [http-nio-8080-exec-4] main.services.PostService - Fetching posts for user: admin
2025-07-17 13:35:35 INFO  [http-nio-8080-exec-4] main.services.PostService - Found 2 posts for user 'admin'
2025-07-17 13:35:36 INFO  [http-nio-8080-exec-2] main.services.FriendsService - Suggested 1 friends for user admin
2025-07-17 13:35:36 INFO  [http-nio-8080-exec-10] main.controllers.FriendsController - Fetching all pending friendship requests for 'admin'
2025-07-17 13:35:36 INFO  [http-nio-8080-exec-10] main.controllers.FriendsController - Found 0 pending friendships for 'admin'
2025-07-17 13:37:29 INFO  [http-nio-8080-exec-5] main.services.PostService - Fetching posts for user: admin
2025-07-17 13:37:29 INFO  [http-nio-8080-exec-5] main.services.PostService - Found 2 posts for user 'admin'
2025-07-17 13:37:29 INFO  [http-nio-8080-exec-9] main.services.FriendsService - Suggested 1 friends for user admin
2025-07-17 13:37:30 INFO  [http-nio-8080-exec-8] main.controllers.FriendsController - Fetching all pending friendship requests for 'admin'
2025-07-17 13:37:30 INFO  [http-nio-8080-exec-8] main.controllers.FriendsController - Found 0 pending friendships for 'admin'
2025-07-17 13:38:37 INFO  [http-nio-8080-exec-5] main.services.PostService - Fetching posts for user: admin
2025-07-17 13:38:37 INFO  [http-nio-8080-exec-5] main.services.PostService - Found 2 posts for user 'admin'
2025-07-17 13:38:37 INFO  [http-nio-8080-exec-2] main.services.FriendsService - Suggested 1 friends for user admin
2025-07-17 13:38:37 INFO  [http-nio-8080-exec-8] main.controllers.FriendsController - Fetching all pending friendship requests for 'admin'
2025-07-17 13:38:37 INFO  [http-nio-8080-exec-8] main.controllers.FriendsController - Found 0 pending friendships for 'admin'
2025-07-17 13:48:58 WARN  [HikariPool-1 housekeeper] com.zaxxer.hikari.pool.HikariPool - HikariPool-1 - Thread starvation or clock leap detected (housekeeper delta=5m58s609ms888µs500ns).
2025-07-17 14:31:42 INFO  [background-preinit] o.h.validator.internal.util.Version - HV000001: Hibernate Validator 8.0.1.Final
2025-07-17 14:31:42 INFO  [main] main.SocialApplication - Starting SocialApplication using Java 21 with PID 4124 (C:\Users\claud\IdeaProjects\Ping\Ping\Server\build\classes\java\main started by claud in C:\Users\claud\IdeaProjects\Ping\Ping\Server)
2025-07-17 14:31:42 DEBUG [main] main.SocialApplication - Running with Spring Boot v3.2.7, Spring v6.1.10
2025-07-17 14:31:42 INFO  [main] main.SocialApplication - The following 1 profile is active: "dev"
2025-07-17 14:31:43 INFO  [main] o.s.d.r.c.RepositoryConfigurationDelegate - Bootstrapping Spring Data JPA repositories in DEFAULT mode.
2025-07-17 14:31:43 INFO  [main] o.s.d.r.c.RepositoryConfigurationDelegate - Finished Spring Data repository scanning in 73 ms. Found 10 JPA repository interfaces.
2025-07-17 14:31:43 INFO  [main] o.s.b.w.e.tomcat.TomcatWebServer - Tomcat initialized with port 8080 (http)
2025-07-17 14:31:43 INFO  [main] o.a.coyote.http11.Http11NioProtocol - Initializing ProtocolHandler ["http-nio-8080"]
2025-07-17 14:31:43 INFO  [main] o.a.catalina.core.StandardService - Starting service [Tomcat]
2025-07-17 14:31:43 INFO  [main] o.a.catalina.core.StandardEngine - Starting Servlet engine: [Apache Tomcat/10.1.25]
2025-07-17 14:31:44 INFO  [main] o.a.c.c.C.[Tomcat].[localhost].[/] - Initializing Spring embedded WebApplicationContext
2025-07-17 14:31:44 INFO  [main] o.s.b.w.s.c.ServletWebServerApplicationContext - Root WebApplicationContext: initialization completed in 1681 ms
2025-07-17 14:31:44 INFO  [main] o.h.jpa.internal.util.LogHelper - HHH000204: Processing PersistenceUnitInfo [name: default]
2025-07-17 14:31:44 INFO  [main] org.hibernate.Version - HHH000412: Hibernate ORM core version 6.4.9.Final
2025-07-17 14:31:44 INFO  [main] o.h.c.i.RegionFactoryInitiator - HHH000026: Second-level cache disabled
2025-07-17 14:31:44 INFO  [main] o.s.o.j.p.SpringPersistenceUnitInfo - No LoadTimeWeaver setup: ignoring JPA class transformer
2025-07-17 14:31:44 INFO  [main] com.zaxxer.hikari.HikariDataSource - HikariPool-1 - Starting...
2025-07-17 14:31:45 INFO  [main] com.zaxxer.hikari.pool.HikariPool - HikariPool-1 - Added connection org.postgresql.jdbc.PgConnection@a69f9d
2025-07-17 14:31:45 INFO  [main] com.zaxxer.hikari.HikariDataSource - HikariPool-1 - Start completed.
2025-07-17 14:31:45 WARN  [main] org.hibernate.orm.deprecation - HHH90000025: PostgreSQLDialect does not need to be specified explicitly using 'hibernate.dialect' (remove the property setting and it will be selected by default)
2025-07-17 14:31:46 INFO  [main] o.h.e.t.j.p.i.JtaPlatformInitiator - HHH000489: No JTA platform available (set 'hibernate.transaction.jta.platform' to enable JTA platform integration)
2025-07-17 14:31:46 INFO  [main] o.s.o.j.LocalContainerEntityManagerFactoryBean - Initialized JPA EntityManagerFactory for persistence unit 'default'
2025-07-17 14:31:47 INFO  [main] o.s.d.j.r.query.QueryEnhancerFactory - Hibernate is in classpath; If applicable, HQL parser will be used.
2025-07-17 14:31:47 DEBUG [main] main.jwt.JwtFilter - Filter 'jwtFilter' configured for use
2025-07-17 14:31:47 WARN  [main] o.s.b.a.o.j.JpaBaseConfiguration$JpaWebConfiguration - spring.jpa.open-in-view is enabled by default. Therefore, database queries may be performed during view rendering. Explicitly configure spring.jpa.open-in-view to disable this warning
2025-07-17 14:31:48 INFO  [main] main.seed.Seeded - User already exists
2025-07-17 14:31:48 INFO  [main] main.seed.Seeded - Friendship between 'admin' and 'ana' already exists
2025-07-17 14:31:48 INFO  [main] o.s.s.web.DefaultSecurityFilterChain - Will secure any request with [org.springframework.security.web.session.DisableEncodeUrlFilter@1f607db6, org.springframework.security.web.context.request.async.WebAsyncManagerIntegrationFilter@75288f47, org.springframework.security.web.context.SecurityContextHolderFilter@211e1b51, org.springframework.security.web.header.HeaderWriterFilter@e343477, org.springframework.web.filter.CorsFilter@4effab3b, org.springframework.security.web.authentication.logout.LogoutFilter@3374a30c, main.jwt.JwtFilter@38cbbd0b, org.springframework.security.web.savedrequest.RequestCacheAwareFilter@4694dfd, org.springframework.security.web.servletapi.SecurityContextHolderAwareRequestFilter@28736857, org.springframework.security.web.authentication.AnonymousAuthenticationFilter@5e584389, org.springframework.security.web.session.SessionManagementFilter@472d7ab0, org.springframework.security.web.access.ExceptionTranslationFilter@34c83eb0, org.springframework.security.web.access.intercept.AuthorizationFilter@2f38b35e]
2025-07-17 14:31:49 INFO  [main] o.a.coyote.http11.Http11NioProtocol - Starting ProtocolHandler ["http-nio-8080"]
2025-07-17 14:31:49 INFO  [main] o.s.b.w.e.tomcat.TomcatWebServer - Tomcat started on port 8080 (http) with context path ''
2025-07-17 14:31:49 INFO  [main] main.SocialApplication - Started SocialApplication in 7.355 seconds (process running for 7.8)
2025-07-17 14:40:49 INFO  [http-nio-8080-exec-3] o.a.c.c.C.[Tomcat].[localhost].[/] - Initializing Spring DispatcherServlet 'dispatcherServlet'
2025-07-17 14:40:49 INFO  [http-nio-8080-exec-3] o.s.web.servlet.DispatcherServlet - Initializing Servlet 'dispatcherServlet'
2025-07-17 14:40:49 INFO  [http-nio-8080-exec-3] o.s.web.servlet.DispatcherServlet - Completed initialization in 3 ms
2025-07-17 14:40:50 INFO  [http-nio-8080-exec-2] main.services.PostService - Fetching posts for user: admin
2025-07-17 14:40:50 INFO  [http-nio-8080-exec-2] main.services.PostService - Found 2 posts for user 'admin'
2025-07-17 14:40:50 INFO  [http-nio-8080-exec-8] main.services.FriendsService - Suggested 1 friends for user admin
2025-07-17 14:40:50 INFO  [http-nio-8080-exec-5] main.controllers.FriendsController - Fetching all pending friendship requests for 'admin'
2025-07-17 14:40:50 INFO  [http-nio-8080-exec-5] main.controllers.FriendsController - Found 0 pending friendships for 'admin'
2025-07-17 14:41:24 INFO  [http-nio-8080-exec-5] main.services.PostService - Fetching posts for user: admin
2025-07-17 14:41:24 INFO  [http-nio-8080-exec-5] main.services.PostService - Found 2 posts for user 'admin'
2025-07-17 14:41:24 INFO  [http-nio-8080-exec-6] main.services.FriendsService - Suggested 1 friends for user admin
2025-07-17 14:41:24 INFO  [http-nio-8080-exec-7] main.controllers.FriendsController - Fetching all pending friendship requests for 'admin'
2025-07-17 14:41:24 INFO  [http-nio-8080-exec-7] main.controllers.FriendsController - Found 0 pending friendships for 'admin'
2025-07-17 14:42:43 INFO  [http-nio-8080-exec-8] main.services.PostService - Fetching posts for user: admin
2025-07-17 14:42:43 INFO  [http-nio-8080-exec-8] main.services.PostService - Found 2 posts for user 'admin'
2025-07-17 14:42:44 INFO  [http-nio-8080-exec-9] main.services.FriendsService - Suggested 1 friends for user admin
2025-07-17 14:42:44 INFO  [http-nio-8080-exec-6] main.controllers.FriendsController - Fetching all pending friendship requests for 'admin'
2025-07-17 14:42:44 INFO  [http-nio-8080-exec-6] main.controllers.FriendsController - Found 0 pending friendships for 'admin'
2025-07-17 14:43:12 WARN  [http-nio-8080-exec-7] o.s.w.s.m.s.DefaultHandlerExceptionResolver - Resolved [org.springframework.web.multipart.support.MissingServletRequestPartException: Required part 'type' is not present.]
2025-07-17 14:46:45 INFO  [http-nio-8080-exec-3] main.storage.StorageService - Stored posts file at: C:\Users\claud\IdeaProjects\Ping\Ping\Server\uploads\posts\09ca06f7-e943-4445-979e-9da454273797_Spring Practice Lynx Solutions.jpg
2025-07-17 14:46:45 INFO  [http-nio-8080-exec-3] main.services.PostService - Creating post for user: admin
2025-07-17 14:46:45 INFO  [http-nio-8080-exec-3] main.services.PostService - Post created with ID: 3 for user: admin
2025-07-17 14:46:53 INFO  [http-nio-8080-exec-7] main.services.PostService - Fetching posts for user: admin
2025-07-17 14:46:53 INFO  [http-nio-8080-exec-7] main.services.PostService - Found 3 posts for user 'admin'
2025-07-17 14:46:53 INFO  [http-nio-8080-exec-5] main.services.FriendsService - Suggested 1 friends for user admin
2025-07-17 14:46:54 INFO  [http-nio-8080-exec-2] main.controllers.FriendsController - Fetching all pending friendship requests for 'admin'
2025-07-17 14:46:54 INFO  [http-nio-8080-exec-2] main.controllers.FriendsController - Found 0 pending friendships for 'admin'
2025-07-17 15:54:41 WARN  [HikariPool-1 housekeeper] com.zaxxer.hikari.pool.HikariPool - HikariPool-1 - Thread starvation or clock leap detected (housekeeper delta=42m25s356ms334µs700ns).
2025-07-17 16:08:36 INFO  [http-nio-8080-exec-3] main.services.PostService - Fetching posts for user: admin
2025-07-17 16:08:36 INFO  [http-nio-8080-exec-3] main.services.PostService - Found 3 posts for user 'admin'
2025-07-17 16:08:37 INFO  [http-nio-8080-exec-3] main.services.FriendsService - Suggested 1 friends for user admin
2025-07-17 16:08:37 INFO  [http-nio-8080-exec-1] main.controllers.FriendsController - Fetching all pending friendship requests for 'admin'
2025-07-17 16:08:37 INFO  [http-nio-8080-exec-1] main.controllers.FriendsController - Found 0 pending friendships for 'admin'
2025-07-17 16:08:42 INFO  [http-nio-8080-exec-7] main.services.PostService - Attempting to add like. userId=1, postId=10
2025-07-17 16:08:42 WARN  [http-nio-8080-exec-7] main.services.PostService - User with ID 1 not found while adding like
2025-07-17 16:09:28 INFO  [background-preinit] o.h.validator.internal.util.Version - HV000001: Hibernate Validator 8.0.1.Final
2025-07-17 16:09:28 INFO  [main] main.SocialApplication - Starting SocialApplication using Java 21 with PID 31048 (C:\Users\claud\IdeaProjects\Ping\Ping\Server\build\classes\java\main started by claud in C:\Users\claud\IdeaProjects\Ping\Ping\Server)
2025-07-17 16:09:28 DEBUG [main] main.SocialApplication - Running with Spring Boot v3.2.7, Spring v6.1.10
2025-07-17 16:09:28 INFO  [main] main.SocialApplication - The following 1 profile is active: "dev"
2025-07-17 16:09:29 INFO  [main] o.s.d.r.c.RepositoryConfigurationDelegate - Bootstrapping Spring Data JPA repositories in DEFAULT mode.
2025-07-17 16:09:29 INFO  [main] o.s.d.r.c.RepositoryConfigurationDelegate - Finished Spring Data repository scanning in 79 ms. Found 10 JPA repository interfaces.
2025-07-17 16:09:30 INFO  [main] o.s.b.w.e.tomcat.TomcatWebServer - Tomcat initialized with port 8080 (http)
2025-07-17 16:09:30 INFO  [main] o.a.coyote.http11.Http11NioProtocol - Initializing ProtocolHandler ["http-nio-8080"]
2025-07-17 16:09:30 INFO  [main] o.a.catalina.core.StandardService - Starting service [Tomcat]
2025-07-17 16:09:30 INFO  [main] o.a.catalina.core.StandardEngine - Starting Servlet engine: [Apache Tomcat/10.1.25]
2025-07-17 16:09:30 INFO  [main] o.a.c.c.C.[Tomcat].[localhost].[/] - Initializing Spring embedded WebApplicationContext
2025-07-17 16:09:30 INFO  [main] o.s.b.w.s.c.ServletWebServerApplicationContext - Root WebApplicationContext: initialization completed in 1610 ms
2025-07-17 16:09:30 INFO  [main] o.h.jpa.internal.util.LogHelper - HHH000204: Processing PersistenceUnitInfo [name: default]
2025-07-17 16:09:30 INFO  [main] org.hibernate.Version - HHH000412: Hibernate ORM core version 6.4.9.Final
2025-07-17 16:09:30 INFO  [main] o.h.c.i.RegionFactoryInitiator - HHH000026: Second-level cache disabled
2025-07-17 16:09:31 INFO  [main] o.s.o.j.p.SpringPersistenceUnitInfo - No LoadTimeWeaver setup: ignoring JPA class transformer
2025-07-17 16:09:31 INFO  [main] com.zaxxer.hikari.HikariDataSource - HikariPool-1 - Starting...
2025-07-17 16:09:31 INFO  [main] com.zaxxer.hikari.pool.HikariPool - HikariPool-1 - Added connection org.postgresql.jdbc.PgConnection@a69f9d
2025-07-17 16:09:31 INFO  [main] com.zaxxer.hikari.HikariDataSource - HikariPool-1 - Start completed.
2025-07-17 16:09:31 WARN  [main] org.hibernate.orm.deprecation - HHH90000025: PostgreSQLDialect does not need to be specified explicitly using 'hibernate.dialect' (remove the property setting and it will be selected by default)
2025-07-17 16:09:32 INFO  [main] o.h.e.t.j.p.i.JtaPlatformInitiator - HHH000489: No JTA platform available (set 'hibernate.transaction.jta.platform' to enable JTA platform integration)
2025-07-17 16:09:32 INFO  [main] o.s.o.j.LocalContainerEntityManagerFactoryBean - Initialized JPA EntityManagerFactory for persistence unit 'default'
2025-07-17 16:09:33 INFO  [main] o.s.d.j.r.query.QueryEnhancerFactory - Hibernate is in classpath; If applicable, HQL parser will be used.
2025-07-17 16:09:33 DEBUG [main] main.jwt.JwtFilter - Filter 'jwtFilter' configured for use
2025-07-17 16:09:33 WARN  [main] o.s.b.a.o.j.JpaBaseConfiguration$JpaWebConfiguration - spring.jpa.open-in-view is enabled by default. Therefore, database queries may be performed during view rendering. Explicitly configure spring.jpa.open-in-view to disable this warning
2025-07-17 16:09:34 INFO  [main] main.seed.Seeded - User already exists
2025-07-17 16:09:34 INFO  [main] main.seed.Seeded - Friendship between 'admin' and 'ana' already exists
2025-07-17 16:09:34 INFO  [main] o.s.s.web.DefaultSecurityFilterChain - Will secure any request with [org.springframework.security.web.session.DisableEncodeUrlFilter@1f607db6, org.springframework.security.web.context.request.async.WebAsyncManagerIntegrationFilter@75288f47, org.springframework.security.web.context.SecurityContextHolderFilter@211e1b51, org.springframework.security.web.header.HeaderWriterFilter@e343477, org.springframework.web.filter.CorsFilter@4effab3b, org.springframework.security.web.authentication.logout.LogoutFilter@3374a30c, main.jwt.JwtFilter@38cbbd0b, org.springframework.security.web.savedrequest.RequestCacheAwareFilter@4694dfd, org.springframework.security.web.servletapi.SecurityContextHolderAwareRequestFilter@28736857, org.springframework.security.web.authentication.AnonymousAuthenticationFilter@5e584389, org.springframework.security.web.session.SessionManagementFilter@472d7ab0, org.springframework.security.web.access.ExceptionTranslationFilter@34c83eb0, org.springframework.security.web.access.intercept.AuthorizationFilter@2f38b35e]
2025-07-17 16:09:34 INFO  [main] o.a.coyote.http11.Http11NioProtocol - Starting ProtocolHandler ["http-nio-8080"]
2025-07-17 16:09:34 INFO  [main] o.s.b.w.e.tomcat.TomcatWebServer - Tomcat started on port 8080 (http) with context path ''
2025-07-17 16:09:34 INFO  [main] main.SocialApplication - Started SocialApplication in 6.291 seconds (process running for 6.788)
2025-07-17 16:09:49 INFO  [http-nio-8080-exec-5] o.a.c.c.C.[Tomcat].[localhost].[/] - Initializing Spring DispatcherServlet 'dispatcherServlet'
2025-07-17 16:09:49 INFO  [http-nio-8080-exec-5] o.s.web.servlet.DispatcherServlet - Initializing Servlet 'dispatcherServlet'
2025-07-17 16:09:49 INFO  [http-nio-8080-exec-5] o.s.web.servlet.DispatcherServlet - Completed initialization in 3 ms
2025-07-17 16:09:50 INFO  [http-nio-8080-exec-3] main.services.PostService - Fetching posts for user: admin
2025-07-17 16:09:50 INFO  [http-nio-8080-exec-3] main.services.PostService - Found 3 posts for user 'admin'
2025-07-17 16:09:50 INFO  [http-nio-8080-exec-7] main.services.FriendsService - Suggested 1 friends for user admin
2025-07-17 16:09:50 INFO  [http-nio-8080-exec-8] main.controllers.FriendsController - Fetching all pending friendship requests for 'admin'
2025-07-17 16:09:50 INFO  [http-nio-8080-exec-8] main.controllers.FriendsController - Found 0 pending friendships for 'admin'
2025-07-17 16:09:55 INFO  [http-nio-8080-exec-3] main.services.PostService - Attempting to add like. userId=1, postId=10
2025-07-17 16:09:55 WARN  [http-nio-8080-exec-3] main.services.PostService - User with ID 1 not found while adding like
2025-07-17 16:11:41 INFO  [http-nio-8080-exec-1] main.services.PostService - Attempting to add like. userId=2, postId=10
2025-07-17 16:11:41 WARN  [http-nio-8080-exec-1] main.services.PostService - User with ID 2 not found while adding like
2025-07-17 16:11:44 INFO  [http-nio-8080-exec-10] main.services.PostService - Attempting to add like. userId=3, postId=10
2025-07-17 16:11:44 WARN  [http-nio-8080-exec-10] main.services.PostService - User with ID 3 not found while adding like
2025-07-17 16:13:08 INFO  [background-preinit] o.h.validator.internal.util.Version - HV000001: Hibernate Validator 8.0.1.Final
2025-07-17 16:13:08 INFO  [main] main.SocialApplication - Starting SocialApplication using Java 21 with PID 32276 (C:\Users\claud\IdeaProjects\Ping\Ping\Server\build\classes\java\main started by claud in C:\Users\claud\IdeaProjects\Ping\Ping\Server)
2025-07-17 16:13:08 DEBUG [main] main.SocialApplication - Running with Spring Boot v3.2.7, Spring v6.1.10
2025-07-17 16:13:08 INFO  [main] main.SocialApplication - The following 1 profile is active: "dev"
2025-07-17 16:13:09 INFO  [main] o.s.d.r.c.RepositoryConfigurationDelegate - Bootstrapping Spring Data JPA repositories in DEFAULT mode.
2025-07-17 16:13:09 INFO  [main] o.s.d.r.c.RepositoryConfigurationDelegate - Finished Spring Data repository scanning in 61 ms. Found 10 JPA repository interfaces.
2025-07-17 16:13:09 INFO  [main] o.s.b.w.e.tomcat.TomcatWebServer - Tomcat initialized with port 8080 (http)
2025-07-17 16:13:09 INFO  [main] o.a.coyote.http11.Http11NioProtocol - Initializing ProtocolHandler ["http-nio-8080"]
2025-07-17 16:13:09 INFO  [main] o.a.catalina.core.StandardService - Starting service [Tomcat]
2025-07-17 16:13:09 INFO  [main] o.a.catalina.core.StandardEngine - Starting Servlet engine: [Apache Tomcat/10.1.25]
2025-07-17 16:13:09 INFO  [main] o.a.c.c.C.[Tomcat].[localhost].[/] - Initializing Spring embedded WebApplicationContext
2025-07-17 16:13:09 INFO  [main] o.s.b.w.s.c.ServletWebServerApplicationContext - Root WebApplicationContext: initialization completed in 1268 ms
2025-07-17 16:13:10 INFO  [main] o.h.jpa.internal.util.LogHelper - HHH000204: Processing PersistenceUnitInfo [name: default]
2025-07-17 16:13:10 INFO  [main] org.hibernate.Version - HHH000412: Hibernate ORM core version 6.4.9.Final
2025-07-17 16:13:10 INFO  [main] o.h.c.i.RegionFactoryInitiator - HHH000026: Second-level cache disabled
2025-07-17 16:13:10 INFO  [main] o.s.o.j.p.SpringPersistenceUnitInfo - No LoadTimeWeaver setup: ignoring JPA class transformer
2025-07-17 16:13:10 INFO  [main] com.zaxxer.hikari.HikariDataSource - HikariPool-1 - Starting...
2025-07-17 16:13:10 INFO  [main] com.zaxxer.hikari.pool.HikariPool - HikariPool-1 - Added connection org.postgresql.jdbc.PgConnection@606b53a3
2025-07-17 16:13:10 INFO  [main] com.zaxxer.hikari.HikariDataSource - HikariPool-1 - Start completed.
2025-07-17 16:13:10 WARN  [main] org.hibernate.orm.deprecation - HHH90000025: PostgreSQLDialect does not need to be specified explicitly using 'hibernate.dialect' (remove the property setting and it will be selected by default)
2025-07-17 16:13:11 INFO  [main] o.h.e.t.j.p.i.JtaPlatformInitiator - HHH000489: No JTA platform available (set 'hibernate.transaction.jta.platform' to enable JTA platform integration)
2025-07-17 16:13:11 INFO  [main] o.s.o.j.LocalContainerEntityManagerFactoryBean - Initialized JPA EntityManagerFactory for persistence unit 'default'
2025-07-17 16:13:11 INFO  [main] o.s.d.j.r.query.QueryEnhancerFactory - Hibernate is in classpath; If applicable, HQL parser will be used.
2025-07-17 16:13:12 DEBUG [main] main.jwt.JwtFilter - Filter 'jwtFilter' configured for use
2025-07-17 16:13:12 WARN  [main] o.s.b.a.o.j.JpaBaseConfiguration$JpaWebConfiguration - spring.jpa.open-in-view is enabled by default. Therefore, database queries may be performed during view rendering. Explicitly configure spring.jpa.open-in-view to disable this warning
2025-07-17 16:13:12 INFO  [main] main.seed.Seeded - User already exists
2025-07-17 16:13:12 INFO  [main] main.seed.Seeded - Friendship between 'admin' and 'ana' already exists
2025-07-17 16:13:13 INFO  [main] o.s.s.web.DefaultSecurityFilterChain - Will secure any request with [org.springframework.security.web.session.DisableEncodeUrlFilter@1f607db6, org.springframework.security.web.context.request.async.WebAsyncManagerIntegrationFilter@75288f47, org.springframework.security.web.context.SecurityContextHolderFilter@211e1b51, org.springframework.security.web.header.HeaderWriterFilter@e343477, org.springframework.web.filter.CorsFilter@4effab3b, org.springframework.security.web.authentication.logout.LogoutFilter@3374a30c, main.jwt.JwtFilter@1d0b4b69, org.springframework.security.web.savedrequest.RequestCacheAwareFilter@4694dfd, org.springframework.security.web.servletapi.SecurityContextHolderAwareRequestFilter@28736857, org.springframework.security.web.authentication.AnonymousAuthenticationFilter@5e584389, org.springframework.security.web.session.SessionManagementFilter@472d7ab0, org.springframework.security.web.access.ExceptionTranslationFilter@34c83eb0, org.springframework.security.web.access.intercept.AuthorizationFilter@2f38b35e]
2025-07-17 16:13:13 INFO  [main] o.a.coyote.http11.Http11NioProtocol - Starting ProtocolHandler ["http-nio-8080"]
2025-07-17 16:13:13 INFO  [main] o.s.b.w.e.tomcat.TomcatWebServer - Tomcat started on port 8080 (http) with context path ''
2025-07-17 16:13:13 INFO  [main] main.SocialApplication - Started SocialApplication in 5.123 seconds (process running for 5.552)
2025-07-17 16:13:21 INFO  [http-nio-8080-exec-1] o.a.c.c.C.[Tomcat].[localhost].[/] - Initializing Spring DispatcherServlet 'dispatcherServlet'
2025-07-17 16:13:21 INFO  [http-nio-8080-exec-1] o.s.web.servlet.DispatcherServlet - Initializing Servlet 'dispatcherServlet'
2025-07-17 16:13:21 INFO  [http-nio-8080-exec-1] o.s.web.servlet.DispatcherServlet - Completed initialization in 0 ms
2025-07-17 16:13:21 INFO  [http-nio-8080-exec-7] main.services.PostService - Attempting to add like. userId=10, postId=1
2025-07-17 16:13:21 WARN  [http-nio-8080-exec-7] main.services.PostService - User 10 already liked post 1
2025-07-17 16:13:48 INFO  [http-nio-8080-exec-5] main.services.PostService - Attempting to add like. userId=10, postId=2
2025-07-17 16:13:48 INFO  [http-nio-8080-exec-5] main.services.PostService - Like saved successfully. LikeID=2, userId=10, postId=2
2025-07-17 16:13:55 INFO  [http-nio-8080-exec-8] main.services.PostService - Attempting to dislike post. userId=2, postId=10
2025-07-17 16:13:55 WARN  [http-nio-8080-exec-8] main.services.PostService - User with ID 2 not found while disliking
2025-07-17 16:14:42 INFO  [background-preinit] o.h.validator.internal.util.Version - HV000001: Hibernate Validator 8.0.1.Final
2025-07-17 16:14:42 INFO  [main] main.SocialApplication - Starting SocialApplication using Java 21 with PID 16876 (C:\Users\claud\IdeaProjects\Ping\Ping\Server\build\classes\java\main started by claud in C:\Users\claud\IdeaProjects\Ping\Ping\Server)
2025-07-17 16:14:42 DEBUG [main] main.SocialApplication - Running with Spring Boot v3.2.7, Spring v6.1.10
2025-07-17 16:14:42 INFO  [main] main.SocialApplication - The following 1 profile is active: "dev"
2025-07-17 16:14:43 INFO  [main] o.s.d.r.c.RepositoryConfigurationDelegate - Bootstrapping Spring Data JPA repositories in DEFAULT mode.
2025-07-17 16:14:43 INFO  [main] o.s.d.r.c.RepositoryConfigurationDelegate - Finished Spring Data repository scanning in 52 ms. Found 10 JPA repository interfaces.
2025-07-17 16:14:43 INFO  [main] o.s.b.w.e.tomcat.TomcatWebServer - Tomcat initialized with port 8080 (http)
2025-07-17 16:14:43 INFO  [main] o.a.coyote.http11.Http11NioProtocol - Initializing ProtocolHandler ["http-nio-8080"]
2025-07-17 16:14:43 INFO  [main] o.a.catalina.core.StandardService - Starting service [Tomcat]
2025-07-17 16:14:43 INFO  [main] o.a.catalina.core.StandardEngine - Starting Servlet engine: [Apache Tomcat/10.1.25]
2025-07-17 16:14:43 INFO  [main] o.a.c.c.C.[Tomcat].[localhost].[/] - Initializing Spring embedded WebApplicationContext
2025-07-17 16:14:43 INFO  [main] o.s.b.w.s.c.ServletWebServerApplicationContext - Root WebApplicationContext: initialization completed in 1180 ms
2025-07-17 16:14:43 INFO  [main] o.h.jpa.internal.util.LogHelper - HHH000204: Processing PersistenceUnitInfo [name: default]
2025-07-17 16:14:43 INFO  [main] org.hibernate.Version - HHH000412: Hibernate ORM core version 6.4.9.Final
2025-07-17 16:14:43 INFO  [main] o.h.c.i.RegionFactoryInitiator - HHH000026: Second-level cache disabled
2025-07-17 16:14:44 INFO  [main] o.s.o.j.p.SpringPersistenceUnitInfo - No LoadTimeWeaver setup: ignoring JPA class transformer
2025-07-17 16:14:44 INFO  [main] com.zaxxer.hikari.HikariDataSource - HikariPool-1 - Starting...
2025-07-17 16:14:44 INFO  [main] com.zaxxer.hikari.pool.HikariPool - HikariPool-1 - Added connection org.postgresql.jdbc.PgConnection@4cc7e3ad
2025-07-17 16:14:44 INFO  [main] com.zaxxer.hikari.HikariDataSource - HikariPool-1 - Start completed.
2025-07-17 16:14:44 WARN  [main] org.hibernate.orm.deprecation - HHH90000025: PostgreSQLDialect does not need to be specified explicitly using 'hibernate.dialect' (remove the property setting and it will be selected by default)
2025-07-17 16:14:45 INFO  [main] o.h.e.t.j.p.i.JtaPlatformInitiator - HHH000489: No JTA platform available (set 'hibernate.transaction.jta.platform' to enable JTA platform integration)
2025-07-17 16:14:45 INFO  [main] o.s.o.j.LocalContainerEntityManagerFactoryBean - Initialized JPA EntityManagerFactory for persistence unit 'default'
2025-07-17 16:14:45 INFO  [main] o.s.d.j.r.query.QueryEnhancerFactory - Hibernate is in classpath; If applicable, HQL parser will be used.
2025-07-17 16:14:46 DEBUG [main] main.jwt.JwtFilter - Filter 'jwtFilter' configured for use
2025-07-17 16:14:46 WARN  [main] o.s.b.a.o.j.JpaBaseConfiguration$JpaWebConfiguration - spring.jpa.open-in-view is enabled by default. Therefore, database queries may be performed during view rendering. Explicitly configure spring.jpa.open-in-view to disable this warning
2025-07-17 16:14:46 INFO  [main] main.seed.Seeded - User already exists
2025-07-17 16:14:46 INFO  [main] main.seed.Seeded - Friendship between 'admin' and 'ana' already exists
2025-07-17 16:14:47 INFO  [main] o.s.s.web.DefaultSecurityFilterChain - Will secure any request with [org.springframework.security.web.session.DisableEncodeUrlFilter@698cc99d, org.springframework.security.web.context.request.async.WebAsyncManagerIntegrationFilter@4d34baec, org.springframework.security.web.context.SecurityContextHolderFilter@4fde13d0, org.springframework.security.web.header.HeaderWriterFilter@50f71f48, org.springframework.web.filter.CorsFilter@f9769ae, org.springframework.security.web.authentication.logout.LogoutFilter@7f66d549, main.jwt.JwtFilter@1b6982e4, org.springframework.security.web.savedrequest.RequestCacheAwareFilter@1940cb2b, org.springframework.security.web.servletapi.SecurityContextHolderAwareRequestFilter@905e189, org.springframework.security.web.authentication.AnonymousAuthenticationFilter@776a3e76, org.springframework.security.web.session.SessionManagementFilter@4bc15d49, org.springframework.security.web.access.ExceptionTranslationFilter@60aee4ca, org.springframework.security.web.access.intercept.AuthorizationFilter@4f8d7222]
2025-07-17 16:14:47 INFO  [main] o.a.coyote.http11.Http11NioProtocol - Starting ProtocolHandler ["http-nio-8080"]
2025-07-17 16:14:47 INFO  [main] o.s.b.w.e.tomcat.TomcatWebServer - Tomcat started on port 8080 (http) with context path ''
2025-07-17 16:14:47 INFO  [main] main.SocialApplication - Started SocialApplication in 5.423 seconds (process running for 5.821)
2025-07-17 16:14:52 INFO  [http-nio-8080-exec-2] o.a.c.c.C.[Tomcat].[localhost].[/] - Initializing Spring DispatcherServlet 'dispatcherServlet'
2025-07-17 16:14:52 INFO  [http-nio-8080-exec-2] o.s.web.servlet.DispatcherServlet - Initializing Servlet 'dispatcherServlet'
2025-07-17 16:14:52 INFO  [http-nio-8080-exec-2] o.s.web.servlet.DispatcherServlet - Completed initialization in 1 ms
2025-07-17 16:14:52 INFO  [http-nio-8080-exec-1] main.services.PostService - Attempting to dislike post. userId=10, postId=2
2025-07-17 16:14:52 INFO  [http-nio-8080-exec-1] main.services.PostService - Dislike operation completed. userId=10, postId=2
2025-07-17 16:15:02 INFO  [http-nio-8080-exec-1] main.services.PostService - Fetching posts for user: admin
2025-07-17 16:15:02 INFO  [http-nio-8080-exec-1] main.services.PostService - Found 3 posts for user 'admin'
2025-07-17 16:15:03 INFO  [http-nio-8080-exec-10] main.services.FriendsService - Suggested 1 friends for user admin
2025-07-17 16:15:03 INFO  [http-nio-8080-exec-2] main.controllers.FriendsController - Fetching all pending friendship requests for 'admin'
2025-07-17 16:15:03 INFO  [http-nio-8080-exec-2] main.controllers.FriendsController - Found 0 pending friendships for 'admin'
2025-07-17 16:15:05 INFO  [http-nio-8080-exec-4] main.services.PostService - Attempting to add like. userId=10, postId=2
2025-07-17 16:15:05 INFO  [http-nio-8080-exec-4] main.services.PostService - Like saved successfully. LikeID=3, userId=10, postId=2
2025-07-17 16:15:08 INFO  [http-nio-8080-exec-9] main.services.PostService - Attempting to dislike post. userId=10, postId=2
2025-07-17 16:15:08 INFO  [http-nio-8080-exec-9] main.services.PostService - Dislike operation completed. userId=10, postId=2
2025-07-17 16:15:11 INFO  [http-nio-8080-exec-5] main.services.PostService - Fetching posts for user: admin
2025-07-17 16:15:11 INFO  [http-nio-8080-exec-5] main.services.PostService - Found 3 posts for user 'admin'
2025-07-17 16:15:12 INFO  [http-nio-8080-exec-5] main.services.FriendsService - Suggested 1 friends for user admin
2025-07-17 16:15:12 INFO  [http-nio-8080-exec-7] main.controllers.FriendsController - Fetching all pending friendship requests for 'admin'
2025-07-17 16:15:12 INFO  [http-nio-8080-exec-7] main.controllers.FriendsController - Found 0 pending friendships for 'admin'
2025-07-17 16:15:13 INFO  [http-nio-8080-exec-1] main.services.PostService - Attempting to add like. userId=10, postId=2
2025-07-17 16:15:13 INFO  [http-nio-8080-exec-1] main.services.PostService - Like saved successfully. LikeID=4, userId=10, postId=2
2025-07-17 16:19:03 INFO  [http-nio-8080-exec-3] main.services.PostService - Fetching posts for user: admin
2025-07-17 16:19:03 INFO  [http-nio-8080-exec-3] main.services.PostService - Found 3 posts for user 'admin'
2025-07-17 16:19:03 INFO  [http-nio-8080-exec-2] main.services.FriendsService - Suggested 1 friends for user admin
2025-07-17 16:19:03 INFO  [http-nio-8080-exec-7] main.controllers.FriendsController - Fetching all pending friendship requests for 'admin'
2025-07-17 16:19:03 INFO  [http-nio-8080-exec-7] main.controllers.FriendsController - Found 0 pending friendships for 'admin'
2025-07-17 16:23:42 INFO  [http-nio-8080-exec-1] main.services.FriendsService - Suggested 1 friends for user admin
2025-07-17 16:23:44 INFO  [http-nio-8080-exec-4] main.services.PostService - Fetching posts for user: admin
2025-07-17 16:23:44 INFO  [http-nio-8080-exec-4] main.services.PostService - Found 3 posts for user 'admin'
2025-07-17 16:23:45 INFO  [http-nio-8080-exec-7] main.services.FriendsService - Suggested 1 friends for user admin
2025-07-17 16:23:45 INFO  [http-nio-8080-exec-6] main.controllers.FriendsController - Fetching all pending friendship requests for 'admin'
2025-07-17 16:23:45 INFO  [http-nio-8080-exec-6] main.controllers.FriendsController - Found 0 pending friendships for 'admin'
2025-07-17 16:25:33 INFO  [http-nio-8080-exec-2] main.services.PostService - Fetching posts for user: admin
2025-07-17 16:25:33 INFO  [http-nio-8080-exec-2] main.services.PostService - Found 3 posts for user 'admin'
2025-07-17 16:25:33 INFO  [http-nio-8080-exec-5] main.services.FriendsService - Suggested 1 friends for user admin
2025-07-17 16:25:33 INFO  [http-nio-8080-exec-3] main.controllers.FriendsController - Fetching all pending friendship requests for 'admin'
2025-07-17 16:25:33 INFO  [http-nio-8080-exec-3] main.controllers.FriendsController - Found 0 pending friendships for 'admin'
2025-07-17 16:25:51 INFO  [http-nio-8080-exec-8] main.services.PostService - Fetching posts for user: admin
2025-07-17 16:25:51 INFO  [http-nio-8080-exec-8] main.services.PostService - Found 3 posts for user 'admin'
2025-07-17 16:25:53 INFO  [http-nio-8080-exec-7] main.services.FriendsService - Suggested 1 friends for user admin
2025-07-17 16:25:53 INFO  [http-nio-8080-exec-9] main.controllers.FriendsController - Fetching all pending friendship requests for 'admin'
2025-07-17 16:25:53 INFO  [http-nio-8080-exec-9] main.controllers.FriendsController - Found 0 pending friendships for 'admin'
2025-07-17 16:29:47 INFO  [http-nio-8080-exec-2] main.services.PostService - Fetching posts for user: admin
2025-07-17 16:29:47 INFO  [http-nio-8080-exec-2] main.services.PostService - Found 3 posts for user 'admin'
2025-07-17 16:29:48 INFO  [http-nio-8080-exec-10] main.services.FriendsService - Suggested 1 friends for user admin
2025-07-17 16:29:48 INFO  [http-nio-8080-exec-8] main.controllers.FriendsController - Fetching all pending friendship requests for 'admin'
2025-07-17 16:29:48 INFO  [http-nio-8080-exec-8] main.controllers.FriendsController - Found 0 pending friendships for 'admin'
2025-07-17 16:35:02 INFO  [http-nio-8080-exec-7] main.services.PostService - Fetching posts for user: admin
2025-07-17 16:35:02 INFO  [http-nio-8080-exec-7] main.services.PostService - Found 3 posts for user 'admin'
2025-07-17 16:35:03 INFO  [http-nio-8080-exec-10] main.services.FriendsService - Suggested 1 friends for user admin
2025-07-17 16:35:04 INFO  [http-nio-8080-exec-9] main.controllers.FriendsController - Fetching all pending friendship requests for 'admin'
2025-07-17 16:35:04 INFO  [http-nio-8080-exec-9] main.controllers.FriendsController - Found 0 pending friendships for 'admin'
2025-07-17 16:35:07 WARN  [http-nio-8080-exec-10] o.s.w.s.m.s.DefaultHandlerExceptionResolver - Resolved [org.springframework.web.HttpRequestMethodNotSupportedException: Request method 'GET' is not supported]
2025-07-17 16:35:15 INFO  [http-nio-8080-exec-8] main.services.PostService - Attempting to add comment. userId=10, postId=1, text='{"text":"com"}'
2025-07-17 16:35:15 INFO  [http-nio-8080-exec-8] main.services.PostService - Comment saved successfully. commentId=2, userId=10, postId=1
2025-07-17 16:35:15 WARN  [http-nio-8080-exec-7] o.s.w.s.m.s.DefaultHandlerExceptionResolver - Resolved [org.springframework.web.HttpRequestMethodNotSupportedException: Request method 'GET' is not supported]
2025-07-17 16:35:34 INFO  [http-nio-8080-exec-10] main.services.PostService - Fetching posts for user: admin
2025-07-17 16:35:34 INFO  [http-nio-8080-exec-10] main.services.PostService - Found 3 posts for user 'admin'
2025-07-17 16:35:35 INFO  [http-nio-8080-exec-10] main.services.FriendsService - Suggested 1 friends for user admin
2025-07-17 16:35:35 INFO  [http-nio-8080-exec-3] main.controllers.FriendsController - Fetching all pending friendship requests for 'admin'
2025-07-17 16:35:35 INFO  [http-nio-8080-exec-3] main.controllers.FriendsController - Found 0 pending friendships for 'admin'
2025-07-17 16:35:36 WARN  [http-nio-8080-exec-8] o.s.w.s.m.s.DefaultHandlerExceptionResolver - Resolved [org.springframework.web.HttpRequestMethodNotSupportedException: Request method 'GET' is not supported]
2025-07-17 16:36:35 INFO  [http-nio-8080-exec-1] main.services.PostService - Fetching posts for user: admin
2025-07-17 16:36:35 INFO  [http-nio-8080-exec-1] main.services.PostService - Found 3 posts for user 'admin'
2025-07-17 16:36:35 INFO  [http-nio-8080-exec-1] main.services.FriendsService - Suggested 1 friends for user admin
2025-07-17 16:36:36 INFO  [http-nio-8080-exec-3] main.controllers.FriendsController - Fetching all pending friendship requests for 'admin'
2025-07-17 16:36:36 INFO  [http-nio-8080-exec-3] main.controllers.FriendsController - Found 0 pending friendships for 'admin'
2025-07-17 16:36:37 INFO  [http-nio-8080-exec-8] main.services.PostService - Fetching comments for postId=1
2025-07-17 16:36:37 INFO  [http-nio-8080-exec-8] main.services.PostService - Found 2 comments for post 1
2025-07-17 16:38:02 INFO  [http-nio-8080-exec-6] main.services.PostService - Fetching comments for postId=2
2025-07-17 16:38:02 INFO  [http-nio-8080-exec-6] main.services.PostService - Found 0 comments for post 2
2025-07-17 16:38:07 INFO  [http-nio-8080-exec-4] main.services.PostService - Fetching comments for postId=1
2025-07-17 16:38:07 INFO  [http-nio-8080-exec-4] main.services.PostService - Found 2 comments for post 1
2025-07-17 17:29:00 WARN  [HikariPool-1 housekeeper] com.zaxxer.hikari.pool.HikariPool - HikariPool-1 - Thread starvation or clock leap detected (housekeeper delta=12m45s323ms979µs).
2025-07-17 18:23:36 INFO  [http-nio-8080-exec-7] main.services.PostService - Fetching posts for user: admin
2025-07-17 18:23:36 INFO  [http-nio-8080-exec-7] main.services.PostService - Found 3 posts for user 'admin'
2025-07-17 18:23:36 INFO  [http-nio-8080-exec-3] main.services.FriendsService - Suggested 1 friends for user admin
2025-07-17 18:23:36 INFO  [http-nio-8080-exec-7] main.controllers.FriendsController - Fetching all pending friendship requests for 'admin'
2025-07-17 18:23:36 INFO  [http-nio-8080-exec-7] main.controllers.FriendsController - Found 0 pending friendships for 'admin'
2025-07-17 18:41:59 INFO  [http-nio-8080-exec-10] main.services.PostService - Fetching posts for user: admin
2025-07-17 18:41:59 INFO  [http-nio-8080-exec-10] main.services.PostService - Found 3 posts for user 'admin'
2025-07-17 18:41:59 INFO  [http-nio-8080-exec-1] main.services.FriendsService - Suggested 1 friends for user admin
2025-07-17 18:41:59 INFO  [http-nio-8080-exec-2] main.controllers.FriendsController - Fetching all pending friendship requests for 'admin'
2025-07-17 18:41:59 INFO  [http-nio-8080-exec-2] main.controllers.FriendsController - Found 0 pending friendships for 'admin'
2025-07-17 19:02:25 INFO  [http-nio-8080-exec-5] main.services.PostService - Fetching posts for user: admin
2025-07-17 19:02:25 INFO  [http-nio-8080-exec-8] main.controllers.FriendsController - Fetching all accepted friendships for 'undefined'
2025-07-17 19:02:25 INFO  [http-nio-8080-exec-5] main.services.PostService - Found 3 posts for user 'admin'
2025-07-17 19:02:25 ERROR [http-nio-8080-exec-8] main.controllers.FriendsController - Error fetching accepted friendships for 'undefined': User not found
2025-07-17 19:02:25 INFO  [http-nio-8080-exec-3] main.services.FriendsService - Suggested 1 friends for user admin
2025-07-17 19:02:25 INFO  [http-nio-8080-exec-4] main.controllers.FriendsController - Fetching all pending friendship requests for 'admin'
2025-07-17 19:02:25 INFO  [http-nio-8080-exec-4] main.controllers.FriendsController - Found 0 pending friendships for 'admin'
2025-07-17 19:03:13 INFO  [http-nio-8080-exec-3] main.controllers.FriendsController - Fetching all accepted friendships for 'undefined'
2025-07-17 19:03:13 ERROR [http-nio-8080-exec-3] main.controllers.FriendsController - Error fetching accepted friendships for 'undefined': User not found
2025-07-17 19:03:13 INFO  [http-nio-8080-exec-5] main.services.PostService - Fetching posts for user: admin
2025-07-17 19:03:13 INFO  [http-nio-8080-exec-5] main.services.PostService - Found 3 posts for user 'admin'
2025-07-17 19:03:13 INFO  [http-nio-8080-exec-1] main.services.FriendsService - Suggested 1 friends for user admin
2025-07-17 19:03:14 INFO  [http-nio-8080-exec-2] main.controllers.FriendsController - Fetching all pending friendship requests for 'admin'
2025-07-17 19:03:14 INFO  [http-nio-8080-exec-2] main.controllers.FriendsController - Found 0 pending friendships for 'admin'
2025-07-17 19:05:17 INFO  [http-nio-8080-exec-5] main.controllers.FriendsController - Fetching all accepted friendships for 'undefined'
2025-07-17 19:05:17 ERROR [http-nio-8080-exec-5] main.controllers.FriendsController - Error fetching accepted friendships for 'undefined': User not found
2025-07-17 19:05:17 INFO  [http-nio-8080-exec-2] main.services.PostService - Fetching posts for user: admin
2025-07-17 19:05:17 INFO  [http-nio-8080-exec-2] main.services.PostService - Found 3 posts for user 'admin'
2025-07-17 19:05:17 INFO  [http-nio-8080-exec-8] main.services.FriendsService - Suggested 1 friends for user admin
2025-07-17 19:05:17 INFO  [http-nio-8080-exec-7] main.controllers.FriendsController - Fetching all pending friendship requests for 'admin'
2025-07-17 19:05:17 INFO  [http-nio-8080-exec-7] main.controllers.FriendsController - Found 0 pending friendships for 'admin'
2025-07-17 19:05:24 INFO  [http-nio-8080-exec-7] main.controllers.FriendsController - Fetching all accepted friendships for 'undefined'
2025-07-17 19:05:24 ERROR [http-nio-8080-exec-7] main.controllers.FriendsController - Error fetching accepted friendships for 'undefined': User not found
2025-07-17 19:05:24 INFO  [http-nio-8080-exec-8] main.services.PostService - Fetching posts for user: admin
2025-07-17 19:05:24 INFO  [http-nio-8080-exec-8] main.services.PostService - Found 3 posts for user 'admin'
2025-07-17 19:05:24 INFO  [http-nio-8080-exec-8] main.services.FriendsService - Suggested 1 friends for user admin
2025-07-17 19:05:25 INFO  [http-nio-8080-exec-9] main.controllers.FriendsController - Fetching all pending friendship requests for 'admin'
2025-07-17 19:05:25 INFO  [http-nio-8080-exec-9] main.controllers.FriendsController - Found 0 pending friendships for 'admin'
2025-07-17 19:05:29 INFO  [http-nio-8080-exec-10] main.controllers.FriendsController - Fetching all accepted friendships for 'undefined'
2025-07-17 19:05:29 ERROR [http-nio-8080-exec-10] main.controllers.FriendsController - Error fetching accepted friendships for 'undefined': User not found
2025-07-17 19:05:29 INFO  [http-nio-8080-exec-7] main.services.PostService - Fetching posts for user: admin
2025-07-17 19:05:29 INFO  [http-nio-8080-exec-7] main.services.PostService - Found 3 posts for user 'admin'
2025-07-17 19:05:30 INFO  [http-nio-8080-exec-7] main.services.FriendsService - Suggested 1 friends for user admin
2025-07-17 19:05:30 INFO  [http-nio-8080-exec-1] main.controllers.FriendsController - Fetching all pending friendship requests for 'admin'
2025-07-17 19:05:30 INFO  [http-nio-8080-exec-1] main.controllers.FriendsController - Found 0 pending friendships for 'admin'
2025-07-17 19:07:57 INFO  [http-nio-8080-exec-5] main.controllers.FriendsController - Fetching all accepted friendships for 'undefined'
2025-07-17 19:07:57 ERROR [http-nio-8080-exec-5] main.controllers.FriendsController - Error fetching accepted friendships for 'undefined': User not found
2025-07-17 19:07:57 INFO  [http-nio-8080-exec-9] main.services.PostService - Fetching posts for user: admin
2025-07-17 19:07:57 INFO  [http-nio-8080-exec-9] main.services.PostService - Found 3 posts for user 'admin'
2025-07-17 19:07:58 INFO  [http-nio-8080-exec-9] main.services.FriendsService - Suggested 1 friends for user admin
2025-07-17 19:07:59 INFO  [http-nio-8080-exec-10] main.controllers.FriendsController - Fetching all pending friendship requests for 'admin'
2025-07-17 19:07:59 INFO  [http-nio-8080-exec-10] main.controllers.FriendsController - Found 0 pending friendships for 'admin'
2025-07-17 19:09:43 INFO  [background-preinit] o.h.validator.internal.util.Version - HV000001: Hibernate Validator 8.0.1.Final
2025-07-17 19:09:43 INFO  [main] main.SocialApplication - Starting SocialApplication using Java 21 with PID 14748 (C:\Users\claud\IdeaProjects\Ping\Ping\Server\build\classes\java\main started by claud in C:\Users\claud\IdeaProjects\Ping\Ping\Server)
2025-07-17 19:09:43 DEBUG [main] main.SocialApplication - Running with Spring Boot v3.2.7, Spring v6.1.10
2025-07-17 19:09:43 INFO  [main] main.SocialApplication - The following 1 profile is active: "dev"
2025-07-17 19:09:43 INFO  [main] o.s.d.r.c.RepositoryConfigurationDelegate - Bootstrapping Spring Data JPA repositories in DEFAULT mode.
2025-07-17 19:09:44 INFO  [main] o.s.d.r.c.RepositoryConfigurationDelegate - Finished Spring Data repository scanning in 61 ms. Found 10 JPA repository interfaces.
2025-07-17 19:09:44 INFO  [main] o.s.b.w.e.tomcat.TomcatWebServer - Tomcat initialized with port 8080 (http)
2025-07-17 19:09:44 INFO  [main] o.a.coyote.http11.Http11NioProtocol - Initializing ProtocolHandler ["http-nio-8080"]
2025-07-17 19:09:44 INFO  [main] o.a.catalina.core.StandardService - Starting service [Tomcat]
2025-07-17 19:09:44 INFO  [main] o.a.catalina.core.StandardEngine - Starting Servlet engine: [Apache Tomcat/10.1.25]
2025-07-17 19:09:44 INFO  [main] o.a.c.c.C.[Tomcat].[localhost].[/] - Initializing Spring embedded WebApplicationContext
2025-07-17 19:09:44 INFO  [main] o.s.b.w.s.c.ServletWebServerApplicationContext - Root WebApplicationContext: initialization completed in 1490 ms
2025-07-17 19:09:44 INFO  [main] o.h.jpa.internal.util.LogHelper - HHH000204: Processing PersistenceUnitInfo [name: default]
2025-07-17 19:09:44 INFO  [main] org.hibernate.Version - HHH000412: Hibernate ORM core version 6.4.9.Final
2025-07-17 19:09:44 INFO  [main] o.h.c.i.RegionFactoryInitiator - HHH000026: Second-level cache disabled
2025-07-17 19:09:45 INFO  [main] o.s.o.j.p.SpringPersistenceUnitInfo - No LoadTimeWeaver setup: ignoring JPA class transformer
2025-07-17 19:09:45 INFO  [main] com.zaxxer.hikari.HikariDataSource - HikariPool-1 - Starting...
2025-07-17 19:09:45 INFO  [main] com.zaxxer.hikari.pool.HikariPool - HikariPool-1 - Added connection org.postgresql.jdbc.PgConnection@674aa626
2025-07-17 19:09:45 INFO  [main] com.zaxxer.hikari.HikariDataSource - HikariPool-1 - Start completed.
2025-07-17 19:09:45 WARN  [main] org.hibernate.orm.deprecation - HHH90000025: PostgreSQLDialect does not need to be specified explicitly using 'hibernate.dialect' (remove the property setting and it will be selected by default)
2025-07-17 19:09:46 INFO  [main] o.h.e.t.j.p.i.JtaPlatformInitiator - HHH000489: No JTA platform available (set 'hibernate.transaction.jta.platform' to enable JTA platform integration)
2025-07-17 19:09:46 INFO  [main] o.s.o.j.LocalContainerEntityManagerFactoryBean - Initialized JPA EntityManagerFactory for persistence unit 'default'
2025-07-17 19:09:47 INFO  [main] o.s.d.j.r.query.QueryEnhancerFactory - Hibernate is in classpath; If applicable, HQL parser will be used.
2025-07-17 19:09:47 DEBUG [main] main.jwt.JwtFilter - Filter 'jwtFilter' configured for use
2025-07-17 19:09:47 WARN  [main] o.s.b.a.o.j.JpaBaseConfiguration$JpaWebConfiguration - spring.jpa.open-in-view is enabled by default. Therefore, database queries may be performed during view rendering. Explicitly configure spring.jpa.open-in-view to disable this warning
2025-07-17 19:09:48 INFO  [main] main.seed.Seeded - User already exists
2025-07-17 19:09:48 INFO  [main] main.seed.Seeded - Friendship between 'admin' and 'ana' already exists
2025-07-17 19:09:48 INFO  [main] o.s.s.web.DefaultSecurityFilterChain - Will secure any request with [org.springframework.security.web.session.DisableEncodeUrlFilter@1276caf2, org.springframework.security.web.context.request.async.WebAsyncManagerIntegrationFilter@48c7773, org.springframework.security.web.context.SecurityContextHolderFilter@5381acc6, org.springframework.security.web.header.HeaderWriterFilter@21f9d977, org.springframework.web.filter.CorsFilter@306ea73f, org.springframework.security.web.authentication.logout.LogoutFilter@698cc99d, main.jwt.JwtFilter@23b260ed, org.springframework.security.web.savedrequest.RequestCacheAwareFilter@3074d565, org.springframework.security.web.servletapi.SecurityContextHolderAwareRequestFilter@d4a1d38, org.springframework.security.web.authentication.AnonymousAuthenticationFilter@29ff01df, org.springframework.security.web.session.SessionManagementFilter@22ecee76, org.springframework.security.web.access.ExceptionTranslationFilter@131af11d, org.springframework.security.web.access.intercept.AuthorizationFilter@3374a30c]
2025-07-17 19:09:48 INFO  [main] o.a.coyote.http11.Http11NioProtocol - Starting ProtocolHandler ["http-nio-8080"]
2025-07-17 19:09:48 INFO  [main] o.s.b.w.e.tomcat.TomcatWebServer - Tomcat started on port 8080 (http) with context path ''
2025-07-17 19:09:48 INFO  [main] main.SocialApplication - Started SocialApplication in 6.029 seconds (process running for 6.408)
2025-07-17 19:10:05 INFO  [http-nio-8080-exec-5] o.a.c.c.C.[Tomcat].[localhost].[/] - Initializing Spring DispatcherServlet 'dispatcherServlet'
2025-07-17 19:10:05 INFO  [http-nio-8080-exec-5] o.s.web.servlet.DispatcherServlet - Initializing Servlet 'dispatcherServlet'
2025-07-17 19:10:05 INFO  [http-nio-8080-exec-5] o.s.web.servlet.DispatcherServlet - Completed initialization in 2 ms
2025-07-17 19:10:05 INFO  [http-nio-8080-exec-8] main.controllers.FriendsController - Fetching all accepted friendships for 'undefined'
2025-07-17 19:10:05 ERROR [http-nio-8080-exec-8] main.controllers.FriendsController - Error fetching accepted friendships for 'undefined': User not found
2025-07-17 19:10:06 INFO  [http-nio-8080-exec-1] main.services.PostService - Fetching posts for user: admin
2025-07-17 19:10:06 INFO  [http-nio-8080-exec-1] main.services.PostService - Found 3 posts for user 'admin'
2025-07-17 19:10:06 INFO  [http-nio-8080-exec-4] main.services.FriendsService - Suggested 1 friends for user admin
2025-07-17 19:10:06 INFO  [http-nio-8080-exec-2] main.controllers.FriendsController - Fetching all pending friendship requests for 'admin'
2025-07-17 19:10:06 INFO  [http-nio-8080-exec-2] main.controllers.FriendsController - Found 0 pending friendships for 'admin'
2025-07-17 19:11:37 INFO  [http-nio-8080-exec-4] main.controllers.FriendsController - Fetching all accepted friendships for 'undefined'
2025-07-17 19:11:37 ERROR [http-nio-8080-exec-4] main.controllers.FriendsController - Error fetching accepted friendships for 'undefined': User not found
2025-07-17 19:11:37 INFO  [http-nio-8080-exec-2] main.services.PostService - Fetching posts for user: admin
2025-07-17 19:11:37 INFO  [http-nio-8080-exec-2] main.services.PostService - Found 3 posts for user 'admin'
2025-07-17 19:11:38 INFO  [http-nio-8080-exec-2] main.services.FriendsService - Suggested 1 friends for user admin
2025-07-17 19:11:38 INFO  [http-nio-8080-exec-6] main.controllers.FriendsController - Fetching all pending friendship requests for 'admin'
2025-07-17 19:11:38 INFO  [http-nio-8080-exec-6] main.controllers.FriendsController - Found 0 pending friendships for 'admin'
2025-07-17 19:12:16 INFO  [http-nio-8080-exec-8] main.controllers.FriendsController - Fetching all accepted friendships for 'admin'
2025-07-17 19:12:16 INFO  [http-nio-8080-exec-8] main.controllers.FriendsController - Found 2 accepted friendships for 'admin'
2025-07-17 19:34:25 INFO  [background-preinit] o.h.validator.internal.util.Version - HV000001: Hibernate Validator 8.0.1.Final
2025-07-17 19:34:25 INFO  [main] main.SocialApplication - Starting SocialApplication using Java 21 with PID 16232 (C:\Users\claud\IdeaProjects\Ping\Ping\Server\build\classes\java\main started by claud in C:\Users\claud\IdeaProjects\Ping\Ping\Server)
2025-07-17 19:34:25 DEBUG [main] main.SocialApplication - Running with Spring Boot v3.2.7, Spring v6.1.10
2025-07-17 19:34:25 INFO  [main] main.SocialApplication - The following 1 profile is active: "dev"
2025-07-17 19:34:26 INFO  [main] o.s.d.r.c.RepositoryConfigurationDelegate - Bootstrapping Spring Data JPA repositories in DEFAULT mode.
2025-07-17 19:34:26 INFO  [main] o.s.d.r.c.RepositoryConfigurationDelegate - Finished Spring Data repository scanning in 83 ms. Found 10 JPA repository interfaces.
2025-07-17 19:34:27 INFO  [main] o.s.b.w.e.tomcat.TomcatWebServer - Tomcat initialized with port 8080 (http)
2025-07-17 19:34:27 INFO  [main] o.a.coyote.http11.Http11NioProtocol - Initializing ProtocolHandler ["http-nio-8080"]
2025-07-17 19:34:27 INFO  [main] o.a.catalina.core.StandardService - Starting service [Tomcat]
2025-07-17 19:34:27 INFO  [main] o.a.catalina.core.StandardEngine - Starting Servlet engine: [Apache Tomcat/10.1.25]
2025-07-17 19:34:27 INFO  [main] o.a.c.c.C.[Tomcat].[localhost].[/] - Initializing Spring embedded WebApplicationContext
2025-07-17 19:34:27 INFO  [main] o.s.b.w.s.c.ServletWebServerApplicationContext - Root WebApplicationContext: initialization completed in 1917 ms
2025-07-17 19:34:27 INFO  [main] o.h.jpa.internal.util.LogHelper - HHH000204: Processing PersistenceUnitInfo [name: default]
2025-07-17 19:34:27 INFO  [main] org.hibernate.Version - HHH000412: Hibernate ORM core version 6.4.9.Final
2025-07-17 19:34:27 INFO  [main] o.h.c.i.RegionFactoryInitiator - HHH000026: Second-level cache disabled
2025-07-17 19:34:27 INFO  [main] o.s.o.j.p.SpringPersistenceUnitInfo - No LoadTimeWeaver setup: ignoring JPA class transformer
2025-07-17 19:34:27 INFO  [main] com.zaxxer.hikari.HikariDataSource - HikariPool-1 - Starting...
2025-07-17 19:34:28 INFO  [main] com.zaxxer.hikari.pool.HikariPool - HikariPool-1 - Added connection org.postgresql.jdbc.PgConnection@674aa626
2025-07-17 19:34:28 INFO  [main] com.zaxxer.hikari.HikariDataSource - HikariPool-1 - Start completed.
2025-07-17 19:34:28 WARN  [main] org.hibernate.orm.deprecation - HHH90000025: PostgreSQLDialect does not need to be specified explicitly using 'hibernate.dialect' (remove the property setting and it will be selected by default)
2025-07-17 19:34:29 INFO  [main] o.h.e.t.j.p.i.JtaPlatformInitiator - HHH000489: No JTA platform available (set 'hibernate.transaction.jta.platform' to enable JTA platform integration)
2025-07-17 19:34:29 INFO  [main] o.s.o.j.LocalContainerEntityManagerFactoryBean - Initialized JPA EntityManagerFactory for persistence unit 'default'
2025-07-17 19:34:29 INFO  [main] o.s.d.j.r.query.QueryEnhancerFactory - Hibernate is in classpath; If applicable, HQL parser will be used.
2025-07-17 19:34:29 DEBUG [main] main.jwt.JwtFilter - Filter 'jwtFilter' configured for use
2025-07-17 19:34:29 WARN  [main] o.s.b.a.o.j.JpaBaseConfiguration$JpaWebConfiguration - spring.jpa.open-in-view is enabled by default. Therefore, database queries may be performed during view rendering. Explicitly configure spring.jpa.open-in-view to disable this warning
2025-07-17 19:34:30 INFO  [main] main.seed.Seeded - User already exists
2025-07-17 19:34:30 INFO  [main] main.seed.Seeded - Friendship between 'admin' and 'ana' already exists
2025-07-17 19:34:30 INFO  [main] o.s.s.web.DefaultSecurityFilterChain - Will secure any request with [org.springframework.security.web.session.DisableEncodeUrlFilter@16a45e5b, org.springframework.security.web.context.request.async.WebAsyncManagerIntegrationFilter@6d0e90d5, org.springframework.security.web.context.SecurityContextHolderFilter@905e189, org.springframework.security.web.header.HeaderWriterFilter@131af11d, org.springframework.web.filter.CorsFilter@1276caf2, org.springframework.security.web.authentication.logout.LogoutFilter@387f53cf, main.jwt.JwtFilter@75452b01, org.springframework.security.web.savedrequest.RequestCacheAwareFilter@5381acc6, org.springframework.security.web.servletapi.SecurityContextHolderAwareRequestFilter@52999774, org.springframework.security.web.authentication.AnonymousAuthenticationFilter@48c7773, org.springframework.security.web.session.SessionManagementFilter@4db7fe2c, org.springframework.security.web.access.ExceptionTranslationFilter@7c09f8c5, org.springframework.security.web.access.intercept.AuthorizationFilter@2ff35d7]
2025-07-17 19:34:30 INFO  [main] o.a.coyote.http11.Http11NioProtocol - Starting ProtocolHandler ["http-nio-8080"]
2025-07-17 19:34:30 INFO  [main] o.s.b.w.e.tomcat.TomcatWebServer - Tomcat started on port 8080 (http) with context path ''
2025-07-17 19:34:30 INFO  [main] main.SocialApplication - Started SocialApplication in 6.137 seconds (process running for 6.668)
2025-07-17 19:34:34 INFO  [http-nio-8080-exec-1] o.a.c.c.C.[Tomcat].[localhost].[/] - Initializing Spring DispatcherServlet 'dispatcherServlet'
2025-07-17 19:34:34 INFO  [http-nio-8080-exec-1] o.s.web.servlet.DispatcherServlet - Initializing Servlet 'dispatcherServlet'
2025-07-17 19:34:34 INFO  [http-nio-8080-exec-1] o.s.web.servlet.DispatcherServlet - Completed initialization in 1 ms
2025-07-17 19:34:34 INFO  [http-nio-8080-exec-3] main.controllers.AuthController - Authenticating user: 'admin'
2025-07-17 19:34:36 INFO  [http-nio-8080-exec-8] main.services.PostService - Fetching posts for user: admin
2025-07-17 19:34:36 INFO  [http-nio-8080-exec-6] main.controllers.FriendsController - Fetching all accepted friendships for 'undefined'
2025-07-17 19:34:36 ERROR [http-nio-8080-exec-6] main.controllers.FriendsController - Error fetching accepted friendships for 'undefined': User not found
2025-07-17 19:34:36 INFO  [http-nio-8080-exec-8] main.services.PostService - Found 3 posts for user 'admin'
2025-07-17 19:34:36 INFO  [http-nio-8080-exec-1] main.controllers.FriendsController - Fetching all accepted friendships for 'undefined'
2025-07-17 19:34:36 ERROR [http-nio-8080-exec-1] main.controllers.FriendsController - Error fetching accepted friendships for 'undefined': User not found
2025-07-17 19:34:36 INFO  [http-nio-8080-exec-3] main.services.PostService - Fetching posts for user: admin
2025-07-17 19:34:36 INFO  [http-nio-8080-exec-3] main.services.PostService - Found 3 posts for user 'admin'
2025-07-17 19:34:36 INFO  [http-nio-8080-exec-5] main.services.FriendsService - Suggested 1 friends for user admin
2025-07-17 19:34:36 INFO  [http-nio-8080-exec-6] main.services.FriendsService - Suggested 1 friends for user admin
2025-07-17 19:34:36 INFO  [http-nio-8080-exec-9] main.controllers.FriendsController - Fetching all pending friendship requests for 'admin'
2025-07-17 19:34:36 INFO  [http-nio-8080-exec-9] main.controllers.FriendsController - Found 0 pending friendships for 'admin'
2025-07-17 19:34:36 INFO  [http-nio-8080-exec-5] main.controllers.FriendsController - Fetching all pending friendship requests for 'admin'
2025-07-17 19:34:36 INFO  [http-nio-8080-exec-5] main.controllers.FriendsController - Found 0 pending friendships for 'admin'
2025-07-17 23:21:02 WARN  [HikariPool-1 housekeeper] com.zaxxer.hikari.pool.HikariPool - HikariPool-1 - Thread starvation or clock leap detected (housekeeper delta=3h43m1s930ms891µs299ns).
2025-07-17 23:22:37 INFO  [background-preinit] o.h.validator.internal.util.Version - HV000001: Hibernate Validator 8.0.1.Final
2025-07-17 23:22:37 INFO  [main] main.SocialApplication - Starting SocialApplication using Java 21 with PID 14208 (C:\Users\claud\IdeaProjects\Ping\Ping\Server\build\classes\java\main started by claud in C:\Users\claud\IdeaProjects\Ping\Ping\Server)
2025-07-17 23:22:37 DEBUG [main] main.SocialApplication - Running with Spring Boot v3.2.7, Spring v6.1.10
2025-07-17 23:22:37 INFO  [main] main.SocialApplication - The following 1 profile is active: "dev"
2025-07-17 23:22:37 INFO  [main] o.s.d.r.c.RepositoryConfigurationDelegate - Bootstrapping Spring Data JPA repositories in DEFAULT mode.
2025-07-17 23:22:38 INFO  [main] o.s.d.r.c.RepositoryConfigurationDelegate - Finished Spring Data repository scanning in 66 ms. Found 10 JPA repository interfaces.
2025-07-17 23:22:38 INFO  [main] o.s.b.w.e.tomcat.TomcatWebServer - Tomcat initialized with port 8080 (http)
2025-07-17 23:22:38 INFO  [main] o.a.coyote.http11.Http11NioProtocol - Initializing ProtocolHandler ["http-nio-8080"]
2025-07-17 23:22:38 INFO  [main] o.a.catalina.core.StandardService - Starting service [Tomcat]
2025-07-17 23:22:38 INFO  [main] o.a.catalina.core.StandardEngine - Starting Servlet engine: [Apache Tomcat/10.1.25]
2025-07-17 23:22:38 INFO  [main] o.a.c.c.C.[Tomcat].[localhost].[/] - Initializing Spring embedded WebApplicationContext
2025-07-17 23:22:38 INFO  [main] o.s.b.w.s.c.ServletWebServerApplicationContext - Root WebApplicationContext: initialization completed in 1420 ms
2025-07-17 23:22:38 INFO  [main] o.h.jpa.internal.util.LogHelper - HHH000204: Processing PersistenceUnitInfo [name: default]
2025-07-17 23:22:38 INFO  [main] org.hibernate.Version - HHH000412: Hibernate ORM core version 6.4.9.Final
2025-07-17 23:22:38 INFO  [main] o.h.c.i.RegionFactoryInitiator - HHH000026: Second-level cache disabled
2025-07-17 23:22:39 INFO  [main] o.s.o.j.p.SpringPersistenceUnitInfo - No LoadTimeWeaver setup: ignoring JPA class transformer
2025-07-17 23:22:39 INFO  [main] com.zaxxer.hikari.HikariDataSource - HikariPool-1 - Starting...
2025-07-17 23:22:39 INFO  [main] com.zaxxer.hikari.pool.HikariPool - HikariPool-1 - Added connection org.postgresql.jdbc.PgConnection@1201e064
2025-07-17 23:22:39 INFO  [main] com.zaxxer.hikari.HikariDataSource - HikariPool-1 - Start completed.
2025-07-17 23:22:39 WARN  [main] org.hibernate.orm.deprecation - HHH90000025: PostgreSQLDialect does not need to be specified explicitly using 'hibernate.dialect' (remove the property setting and it will be selected by default)
2025-07-17 23:22:40 INFO  [main] o.h.e.t.j.p.i.JtaPlatformInitiator - HHH000489: No JTA platform available (set 'hibernate.transaction.jta.platform' to enable JTA platform integration)
2025-07-17 23:22:40 INFO  [main] o.s.o.j.LocalContainerEntityManagerFactoryBean - Initialized JPA EntityManagerFactory for persistence unit 'default'
2025-07-17 23:22:40 INFO  [main] o.s.d.j.r.query.QueryEnhancerFactory - Hibernate is in classpath; If applicable, HQL parser will be used.
2025-07-17 23:22:41 DEBUG [main] main.jwt.JwtFilter - Filter 'jwtFilter' configured for use
2025-07-17 23:22:41 WARN  [main] o.s.b.a.o.j.JpaBaseConfiguration$JpaWebConfiguration - spring.jpa.open-in-view is enabled by default. Therefore, database queries may be performed during view rendering. Explicitly configure spring.jpa.open-in-view to disable this warning
2025-07-17 23:22:42 INFO  [main] main.seed.Seeded - User already exists
2025-07-17 23:22:42 INFO  [main] main.seed.Seeded - Friendship between 'admin' and 'ana' already exists
2025-07-17 23:22:42 INFO  [main] o.s.s.web.DefaultSecurityFilterChain - Will secure any request with [org.springframework.security.web.session.DisableEncodeUrlFilter@1f607db6, org.springframework.security.web.context.request.async.WebAsyncManagerIntegrationFilter@75288f47, org.springframework.security.web.context.SecurityContextHolderFilter@211e1b51, org.springframework.security.web.header.HeaderWriterFilter@e343477, org.springframework.web.filter.CorsFilter@4effab3b, org.springframework.security.web.authentication.logout.LogoutFilter@3374a30c, main.jwt.JwtFilter@5910c67e, org.springframework.security.web.savedrequest.RequestCacheAwareFilter@4694dfd, org.springframework.security.web.servletapi.SecurityContextHolderAwareRequestFilter@28736857, org.springframework.security.web.authentication.AnonymousAuthenticationFilter@5e584389, org.springframework.security.web.session.SessionManagementFilter@472d7ab0, org.springframework.security.web.access.ExceptionTranslationFilter@34c83eb0, org.springframework.security.web.access.intercept.AuthorizationFilter@2f38b35e]
2025-07-17 23:22:42 INFO  [main] o.a.coyote.http11.Http11NioProtocol - Starting ProtocolHandler ["http-nio-8080"]
2025-07-17 23:22:42 INFO  [main] o.s.b.w.e.tomcat.TomcatWebServer - Tomcat started on port 8080 (http) with context path ''
2025-07-17 23:22:42 INFO  [main] main.SocialApplication - Started SocialApplication in 5.711 seconds (process running for 6.069)
2025-07-17 23:26:00 INFO  [http-nio-8080-exec-1] o.a.c.c.C.[Tomcat].[localhost].[/] - Initializing Spring DispatcherServlet 'dispatcherServlet'
2025-07-17 23:26:00 INFO  [http-nio-8080-exec-1] o.s.web.servlet.DispatcherServlet - Initializing Servlet 'dispatcherServlet'
2025-07-17 23:26:00 INFO  [http-nio-8080-exec-1] o.s.web.servlet.DispatcherServlet - Completed initialization in 6 ms
2025-07-17 23:26:07 INFO  [http-nio-8080-exec-3] main.controllers.FriendsController - Fetching all accepted friendships for 'undefined'
2025-07-17 23:26:07 ERROR [http-nio-8080-exec-3] main.controllers.FriendsController - Error fetching accepted friendships for 'undefined': User not found
2025-07-17 23:26:07 INFO  [http-nio-8080-exec-9] main.services.PostService - Fetching posts for user: admin
2025-07-17 23:26:07 INFO  [http-nio-8080-exec-9] main.services.PostService - Found 3 posts for user 'admin'
2025-07-17 23:26:07 INFO  [http-nio-8080-exec-10] main.services.FriendsService - Suggested 1 friends for user admin
2025-07-17 23:26:07 INFO  [http-nio-8080-exec-7] main.controllers.FriendsController - Fetching all pending friendship requests for 'admin'
2025-07-17 23:26:07 INFO  [http-nio-8080-exec-7] main.controllers.FriendsController - Found 0 pending friendships for 'admin'
